VirtualBox VM 2.1.24 r117012 win.amd64 (Jun 23 2022 11:48:21) release log
00:00:00.187456 Log opened 2022-10-13T12:01:36.118341500Z
00:00:00.187456 Local Time 15:01:36
00:00:00.187456 Build Type: release
00:00:00.187456 OS Product: Windows 10
00:00:00.187456 OS Release: 10.0.19044
00:00:00.187456 OS Service Pack: 
00:00:00.187456 DMI Product Name: Nitro AN515-55
00:00:00.187456 DMI Product Version: V2.06
00:00:00.187456 Host RAM: 16215MB (15.8GB) total, 12304MB (12.0GB) available
00:00:00.187456 Executable: C:\Program Files\BlueStacks_nxt\HD-Player.exe
00:00:00.187456 Process ID: 6884
00:00:00.187456 Package type: WINDOWS_64BITS_GENERIC (OSE)
00:00:00.187456 Installed Extension Packs:
00:00:00.187456   None installed!
00:00:00.187456 Console: Machine state changed to 'Starting'
00:00:00.282690 SUP: Loaded BstkVMMR0_nxt.r0 (C:\Program Files\BlueStacks_nxt\BstkVMMR0_nxt.r0) at 0xXXXXXXXXXXXXXXXX - ModuleInit at XXXXXXXXXXXXXXXX and ModuleTerm at XXXXXXXXXXXXXXXX using the native ring-0 loader
00:00:00.282703 SUP: VMMR0EntryEx located at XXXXXXXXXXXXXXXX and VMMR0EntryFast at XXXXXXXXXXXXXXXX
00:00:00.282706 SUP: windbg> .reload /f C:\Program Files\BlueStacks_nxt\BstkVMMR0_nxt.r0=0xXXXXXXXXXXXXXXXX
00:00:00.284547 Guest OS type: 'Linux'
00:00:00.285826 fHMForced=true - Lots of RAM
00:00:00.285833 fHMForced=true - SMP
00:00:00.285836 fHMForced=true - 64-bit guest
00:00:00.287995 File system of 'C:\ProgramData\BlueStacks_nxt\Engine\Nougat32\Snapshots' (snapshots) is unknown
00:00:00.288002 File system of 'C:\ProgramData\BlueStacks_nxt\Engine\Nougat32\fastboot.vdi' is ntfs
00:00:00.289319 File system of 'C:\ProgramData\BlueStacks_nxt\Engine\Nougat32\Root.vhd' is ntfs
00:00:00.289997 File system of 'C:\ProgramData\BlueStacks_nxt\Engine\Nougat32\Data.vhdx' is ntfs
00:00:00.293633 SUPR3HardenedLdrLoadAppPriv: "C:\Program Files\BlueStacks_nxt\VBoxSharedClipboard.DLL" not found
00:00:00.293639 HGCM: Failed to load the service library: [VBoxSharedClipboard], rc = VERR_FILE_NOT_FOUND - . The service will be not available.
00:00:00.293846 Shared clipboard is not available, rc=VERR_FILE_NOT_FOUND
00:00:00.294107 SUPR3HardenedLdrLoadAppPriv: "C:\Program Files\BlueStacks_nxt\HD-HgcmService.DLL" not found
00:00:00.294113 HGCM: Failed to load the service library: [HD-HgcmService], rc = VERR_FILE_NOT_FOUND - . The service will be not available.
00:00:00.294255 HDHgcmService is not available. rc = VERR_FILE_NOT_FOUND
00:00:00.294504 SUPR3HardenedLdrLoadAppPriv: "C:\Program Files\BlueStacks_nxt\VBoxDragAndDropSvc.DLL" not found
00:00:00.294509 HGCM: Failed to load the service library: [VBoxDragAndDropSvc], rc = VERR_FILE_NOT_FOUND - . The service will be not available.
00:00:00.294601 Drag and drop service is not available, rc=VERR_FILE_NOT_FOUND
00:00:00.294752 SUPR3HardenedLdrLoadAppPriv: "C:\Program Files\BlueStacks_nxt\VBoxGuestPropSvc.DLL" not found
00:00:00.294757 HGCM: Failed to load the service library: [VBoxGuestPropSvc], rc = VERR_FILE_NOT_FOUND - . The service will be not available.
00:00:00.294826 VBoxGuestPropSvc is not available. rc = VERR_FILE_NOT_FOUND
00:00:00.295000 SUPR3HardenedLdrLoadAppPriv: "C:\Program Files\BlueStacks_nxt\VBoxGuestControlSvc.DLL" not found
00:00:00.295006 HGCM: Failed to load the service library: [VBoxGuestControlSvc], rc = VERR_FILE_NOT_FOUND - . The service will be not available.
00:00:00.295056 VBoxGuestControlSvc is not available. rc = VERR_FILE_NOT_FOUND
00:00:00.296427 Per-VM extradata API settings:
00:00:00.296433   VBoxInternal2/SavestateOnBatteryLow="0"
00:00:00.296586 ************************* CFGM dump *************************
00:00:00.296587 [/] (level 0)
00:00:00.296588   CSAMEnabled       <integer> = 0x0000000000000001 (1)
00:00:00.296589   CpuExecutionCap   <integer> = 0x0000000000000064 (100)
00:00:00.296590   EnablePAE         <integer> = 0x0000000000000001 (1)
00:00:00.296590   HMEnabled         <integer> = 0x0000000000000001 (1)
00:00:00.296591   MemBalloonSize    <integer> = 0x0000000000000000 (0)
00:00:00.296591   Name              <string>  = "Nougat32" (cb=9)
00:00:00.296592   NumCPUs           <integer> = 0x0000000000000004 (4)
00:00:00.296593   PATMEnabled       <integer> = 0x0000000000000001 (1)
00:00:00.296593   PageFusionAllowed <integer> = 0x0000000000000001 (1)
00:00:00.296594   RamHoleSize       <integer> = 0x0000000020000000 (536 870 912, 512 MB)
00:00:00.296595   RamSize           <integer> = 0x0000000100000000 (4 294 967 296, 4 096 MB, 4 GB)
00:00:00.296596   RawR0Enabled      <integer> = 0x0000000000000001 (1)
00:00:00.296597   RawR3Enabled      <integer> = 0x0000000000000001 (1)
00:00:00.296597   TimerMillies      <integer> = 0x000000000000000a (10)
00:00:00.296597   UUID              <bytes>   = "18 8c bb 87 55 a7 c6 46 ba 82 2a 0d eb 17 ba c3" (cb=16)
00:00:00.296599 
00:00:00.296599 [/CPUM/] (level 1)
00:00:00.296600   GuestCpuName       <string>  = "host" (cb=5)
00:00:00.296601   PortableCpuIdLevel <integer> = 0x0000000000000000 (0)
00:00:00.296601   SpecCtrl           <integer> = 0x0000000000000001 (1)
00:00:00.296602 
00:00:00.296602 [/CPUM/HostCPUID/] (level 2)
00:00:00.296602 
00:00:00.296603 [/CPUM/HostCPUID/00000001/] (level 3)
00:00:00.296603   ecx <integer> = 0x0000000000000201 (513)
00:00:00.296604 
00:00:00.296604 [/DBGC/] (level 1)
00:00:00.296604   GlobalInitScript <string>  = "C:\ProgramData\BlueStacks_nxt\Engine\Manager/dbgc-init" (cb=55)
00:00:00.296605   HistoryFile      <string>  = "C:\ProgramData\BlueStacks_nxt\Engine\Manager/dbgc-history" (cb=58)
00:00:00.296606   LocalInitScript  <string>  = "C:\ProgramData\BlueStacks_nxt\Engine\Nougat32/dbgc-init" (cb=56)
00:00:00.296606 
00:00:00.296606 [/DBGF/] (level 1)
00:00:00.296607   Path <string>  = "C:\ProgramData\BlueStacks_nxt\Engine\Nougat32/debug/;C:\ProgramData\BlueStacks_nxt\Engine\Nougat32/;C:\Users\acer\" (cb=115)
00:00:00.296607 
00:00:00.296607 [/Devices/] (level 1)
00:00:00.296608 
00:00:00.296608 [/Devices/8237A/] (level 2)
00:00:00.296608 
00:00:00.296608 [/Devices/8237A/0/] (level 3)
00:00:00.296609   Trusted <integer> = 0x0000000000000001 (1)
00:00:00.296609 
00:00:00.296610 [/Devices/VMMDev/] (level 2)
00:00:00.296610 
00:00:00.296610 [/Devices/VMMDev/0/] (level 3)
00:00:00.296611   PCIBusNo      <integer> = 0x0000000000000000 (0)
00:00:00.296611   PCIDeviceNo   <integer> = 0x0000000000000004 (4)
00:00:00.296612   PCIFunctionNo <integer> = 0x0000000000000000 (0)
00:00:00.296612   Trusted       <integer> = 0x0000000000000001 (1)
00:00:00.296613 
00:00:00.296613 [/Devices/VMMDev/0/Config/] (level 4)
00:00:00.296613   GuestCoreDumpDir <string>  = "C:\ProgramData\BlueStacks_nxt\Engine\Nougat32\Snapshots" (cb=56)
00:00:00.296614 
00:00:00.296614 [/Devices/VMMDev/0/LUN#0/] (level 4)
00:00:00.296615   Driver <string>  = "HGCM" (cb=5)
00:00:00.296615 
00:00:00.296615 [/Devices/VMMDev/0/LUN#0/Config/] (level 5)
00:00:00.296616   Object <integer> = 0x00000277300fcdc0 (2 710 930 705 856)
00:00:00.296617 
00:00:00.296617 [/Devices/VMMDev/0/LUN#999/] (level 4)
00:00:00.296617   Driver <string>  = "MainStatus" (cb=11)
00:00:00.296618 
00:00:00.296618 [/Devices/VMMDev/0/LUN#999/Config/] (level 5)
00:00:00.296618   First   <integer> = 0x0000000000000000 (0)
00:00:00.296619   Last    <integer> = 0x0000000000000000 (0)
00:00:00.296619   papLeds <integer> = 0x00000277300fc0f8 (2 710 930 702 584)
00:00:00.296620 
00:00:00.296620 [/Devices/acpi/] (level 2)
00:00:00.296621 
00:00:00.296621 [/Devices/acpi/0/] (level 3)
00:00:00.296621   PCIBusNo      <integer> = 0x0000000000000000 (0)
00:00:00.296622   PCIDeviceNo   <integer> = 0x0000000000000007 (7)
00:00:00.296622   PCIFunctionNo <integer> = 0x0000000000000000 (0)
00:00:00.296623   Trusted       <integer> = 0x0000000000000001 (1)
00:00:00.296623 
00:00:00.296623 [/Devices/acpi/0/Config/] (level 4)
00:00:00.296624   CpuHotPlug          <integer> = 0x0000000000000000 (0)
00:00:00.296625   FdcEnabled          <integer> = 0x0000000000000000 (0)
00:00:00.296625   HostBusPciAddress   <integer> = 0x0000000000000000 (0)
00:00:00.296626   HpetEnabled         <integer> = 0x0000000000000000 (0)
00:00:00.296626   IOAPIC              <integer> = 0x0000000000000001 (1)
00:00:00.296626   IocPciAddress       <integer> = 0x0000000000010000 (65 536)
00:00:00.296627   NumCPUs             <integer> = 0x0000000000000004 (4)
00:00:00.296628   Parallel0IoPortBase <integer> = 0x0000000000000000 (0)
00:00:00.296628   Parallel0Irq        <integer> = 0x0000000000000000 (0)
00:00:00.296628   Parallel1IoPortBase <integer> = 0x0000000000000000 (0)
00:00:00.296629   Parallel1Irq        <integer> = 0x0000000000000000 (0)
00:00:00.296629   Serial0IoPortBase   <integer> = 0x0000000000000000 (0)
00:00:00.296630   Serial0Irq          <integer> = 0x0000000000000000 (0)
00:00:00.296630   Serial1IoPortBase   <integer> = 0x0000000000000000 (0)
00:00:00.296631   Serial1Irq          <integer> = 0x0000000000000000 (0)
00:00:00.296631   ShowCpu             <integer> = 0x0000000000000001 (1)
00:00:00.296631   ShowRtc             <integer> = 0x0000000000000000 (0)
00:00:00.296632   SmcEnabled          <integer> = 0x0000000000000000 (0)
00:00:00.296632 
00:00:00.296633 [/Devices/acpi/0/LUN#0/] (level 4)
00:00:00.296633   Driver <string>  = "ACPIHost" (cb=9)
00:00:00.296633 
00:00:00.296634 [/Devices/acpi/0/LUN#0/Config/] (level 5)
00:00:00.296634 
00:00:00.296634 [/Devices/acpi/0/LUN#1/] (level 4)
00:00:00.296635   Driver <string>  = "ACPICpu" (cb=8)
00:00:00.296635 
00:00:00.296635 [/Devices/acpi/0/LUN#1/Config/] (level 5)
00:00:00.296636 
00:00:00.296636 [/Devices/acpi/0/LUN#2/] (level 4)
00:00:00.296637   Driver <string>  = "ACPICpu" (cb=8)
00:00:00.296637 
00:00:00.296637 [/Devices/acpi/0/LUN#2/Config/] (level 5)
00:00:00.296638 
00:00:00.296638 [/Devices/acpi/0/LUN#3/] (level 4)
00:00:00.296638   Driver <string>  = "ACPICpu" (cb=8)
00:00:00.296639 
00:00:00.296639 [/Devices/acpi/0/LUN#3/Config/] (level 5)
00:00:00.296640 
00:00:00.296640 [/Devices/ahci/] (level 2)
00:00:00.296640 
00:00:00.296640 [/Devices/ahci/0/] (level 3)
00:00:00.296641   PCIBusNo      <integer> = 0x0000000000000000 (0)
00:00:00.296641   PCIDeviceNo   <integer> = 0x000000000000000d (13)
00:00:00.296642   PCIFunctionNo <integer> = 0x0000000000000000 (0)
00:00:00.296642   Trusted       <integer> = 0x0000000000000001 (1)
00:00:00.296642 
00:00:00.296643 [/Devices/ahci/0/Config/] (level 4)
00:00:00.296643   Bootable  <integer> = 0x0000000000000000 (0)
00:00:00.296644   PortCount <integer> = 0x0000000000000002 (2)
00:00:00.296644 
00:00:00.296644 [/Devices/ahci/0/Config/Port0/] (level 5)
00:00:00.296645   Hotpluggable        <integer> = 0x0000000000000001 (1)
00:00:00.296645   NonRotationalMedium <integer> = 0x0000000000000000 (0)
00:00:00.296645 
00:00:00.296646 [/Devices/ahci/0/Config/Port1/] (level 5)
00:00:00.296646   Hotpluggable        <integer> = 0x0000000000000001 (1)
00:00:00.296647   NonRotationalMedium <integer> = 0x0000000000000000 (0)
00:00:00.296647 
00:00:00.296647 [/Devices/ahci/0/LUN#0/] (level 4)
00:00:00.296648   Driver <string>  = "VD" (cb=3)
00:00:00.296648 
00:00:00.296648 [/Devices/ahci/0/LUN#0/Config/] (level 5)
00:00:00.296649   Format    <string>  = "VHD" (cb=4)
00:00:00.296649   Mountable <integer> = 0x0000000000000000 (0)
00:00:00.296650   Path      <string>  = "C:\ProgramData\BlueStacks_nxt\Engine\Nougat32\Root.vhd" (cb=55)
00:00:00.296650   ReadOnly  <integer> = 0x0000000000000001 (1)
00:00:00.296651   Type      <string>  = "HardDisk" (cb=9)
00:00:00.296651 
00:00:00.296651 [/Devices/ahci/0/LUN#1/] (level 4)
00:00:00.296652   Driver <string>  = "VD" (cb=3)
00:00:00.296652 
00:00:00.296652 [/Devices/ahci/0/LUN#1/Config/] (level 5)
00:00:00.296653   Format    <string>  = "VHDX" (cb=5)
00:00:00.296653   Mountable <integer> = 0x0000000000000000 (0)
00:00:00.296654   Path      <string>  = "C:\ProgramData\BlueStacks_nxt\Engine\Nougat32\Data.vhdx" (cb=56)
00:00:00.296654   Type      <string>  = "HardDisk" (cb=9)
00:00:00.296654 
00:00:00.296655 [/Devices/ahci/0/LUN#999/] (level 4)
00:00:00.296655   Driver <string>  = "MainStatus" (cb=11)
00:00:00.296655 
00:00:00.296656 [/Devices/ahci/0/LUN#999/Config/] (level 5)
00:00:00.296656   DeviceInstance        <string>  = "ahci/0" (cb=7)
00:00:00.296657   First                 <integer> = 0x0000000000000000 (0)
00:00:00.296657   Last                  <integer> = 0x0000000000000001 (1)
00:00:00.296658   pConsole              <integer> = 0x00000277300fb8f0 (2 710 930 700 528)
00:00:00.296659   papLeds               <integer> = 0x00000277300fbcf8 (2 710 930 701 560)
00:00:00.296659   pmapMediumAttachments <integer> = 0x00000277300fc118 (2 710 930 702 616)
00:00:00.296660 
00:00:00.296660 [/Devices/apic/] (level 2)
00:00:00.296661 
00:00:00.296661 [/Devices/apic/0/] (level 3)
00:00:00.296662   Trusted <integer> = 0x0000000000000001 (1)
00:00:00.296662 
00:00:00.296662 [/Devices/apic/0/Config/] (level 4)
00:00:00.296663   IOAPIC  <integer> = 0x0000000000000001 (1)
00:00:00.296663   Mode    <integer> = 0x0000000000000002 (2)
00:00:00.296663   NumCPUs <integer> = 0x0000000000000004 (4)
00:00:00.296664 
00:00:00.296664 [/Devices/bstaudio/] (level 2)
00:00:00.296664 
00:00:00.296665 [/Devices/bstaudio/0/] (level 3)
00:00:00.296665   PCIBusNo      <integer> = 0x0000000000000000 (0)
00:00:00.296665   PCIDeviceNo   <integer> = 0x0000000000000009 (9)
00:00:00.296666   PCIFunctionNo <integer> = 0x0000000000000000 (0)
00:00:00.296666 
00:00:00.296666 [/Devices/bstcamera/] (level 2)
00:00:00.296667 
00:00:00.296667 [/Devices/bstcamera/0/] (level 3)
00:00:00.296668   PCIBusNo      <integer> = 0x0000000000000000 (0)
00:00:00.296668   PCIDeviceNo   <integer> = 0x0000000000000010 (16)
00:00:00.296668   PCIFunctionNo <integer> = 0x0000000000000000 (0)
00:00:00.296669 
00:00:00.296669 [/Devices/bstpgaipc/] (level 2)
00:00:00.296669 
00:00:00.296670 [/Devices/bstpgaipc/0/] (level 3)
00:00:00.296670   PCIBusNo      <integer> = 0x0000000000000000 (0)
00:00:00.296671   PCIDeviceNo   <integer> = 0x000000000000000e (14)
00:00:00.296671   PCIFunctionNo <integer> = 0x0000000000000000 (0)
00:00:00.296671 
00:00:00.296672 [/Devices/bstserial/] (level 2)
00:00:00.296672 
00:00:00.296672 [/Devices/bstserial/0/] (level 3)
00:00:00.296673   Junk <integer> = 0x0000000000000000 (0)
00:00:00.296673 
00:00:00.296673 [/Devices/bstvmsg/] (level 2)
00:00:00.296674 
00:00:00.296674 [/Devices/bstvmsg/0/] (level 3)
00:00:00.296674   PCIBusNo      <integer> = 0x0000000000000000 (0)
00:00:00.296675   PCIDeviceNo   <integer> = 0x000000000000000a (10)
00:00:00.296675   PCIFunctionNo <integer> = 0x0000000000000000 (0)
00:00:00.296676 
00:00:00.296677 [/Devices/e1000/] (level 2)
00:00:00.296677 
00:00:00.296677 [/Devices/i8254/] (level 2)
00:00:00.296678 
00:00:00.296678 [/Devices/i8254/0/] (level 3)
00:00:00.296678 
00:00:00.296678 [/Devices/i8254/0/Config/] (level 4)
00:00:00.296679 
00:00:00.296679 [/Devices/i8259/] (level 2)
00:00:00.296680 
00:00:00.296680 [/Devices/i8259/0/] (level 3)
00:00:00.296680   Trusted <integer> = 0x0000000000000001 (1)
00:00:00.296681 
00:00:00.296681 [/Devices/i8259/0/Config/] (level 4)
00:00:00.296681 
00:00:00.296681 [/Devices/ioapic/] (level 2)
00:00:00.296682 
00:00:00.296682 [/Devices/ioapic/0/] (level 3)
00:00:00.296683   Trusted <integer> = 0x0000000000000001 (1)
00:00:00.296683 
00:00:00.296683 [/Devices/ioapic/0/Config/] (level 4)
00:00:00.296684   NumCPUs <integer> = 0x0000000000000004 (4)
00:00:00.296684 
00:00:00.296684 [/Devices/mc146818/] (level 2)
00:00:00.296685 
00:00:00.296685 [/Devices/mc146818/0/] (level 3)
00:00:00.296685 
00:00:00.296685 [/Devices/mc146818/0/Config/] (level 4)
00:00:00.296686   UseUTC <integer> = 0x0000000000000001 (1)
00:00:00.296686 
00:00:00.296686 [/Devices/parallel/] (level 2)
00:00:00.296687 
00:00:00.296687 [/Devices/pcarch/] (level 2)
00:00:00.296687 
00:00:00.296688 [/Devices/pcarch/0/] (level 3)
00:00:00.296688   Trusted <integer> = 0x0000000000000001 (1)
00:00:00.296688 
00:00:00.296689 [/Devices/pcarch/0/Config/] (level 4)
00:00:00.296689 
00:00:00.296689 [/Devices/pcbios/] (level 2)
00:00:00.296690 
00:00:00.296690 [/Devices/pcbios/0/] (level 3)
00:00:00.296690   Trusted <integer> = 0x0000000000000001 (1)
00:00:00.296691 
00:00:00.296691 [/Devices/pcbios/0/Config/] (level 4)
00:00:00.296692   APIC               <integer> = 0x0000000000000001 (1)
00:00:00.296692   BootDevice0        <string>  = "IDE" (cb=4)
00:00:00.296712   BootDevice1        <string>  = "NONE" (cb=5)
00:00:00.296713   BootDevice2        <string>  = "NONE" (cb=5)
00:00:00.296713   BootDevice3        <string>  = "NONE" (cb=5)
00:00:00.296714   FloppyDevice       <string>  = "i82078" (cb=7)
00:00:00.296714   HardDiskDevice     <string>  = "piix3ide" (cb=9)
00:00:00.296714   IOAPIC             <integer> = 0x0000000000000001 (1)
00:00:00.296715   McfgBase           <integer> = 0x0000000000000000 (0)
00:00:00.296715   McfgLength         <integer> = 0x0000000000000000 (0)
00:00:00.296716   NumCPUs            <integer> = 0x0000000000000004 (4)
00:00:00.296716   PXEDebug           <integer> = 0x0000000000000000 (0)
00:00:00.296717   SataHardDiskDevice <string>  = "ahci" (cb=5)
00:00:00.296717   SataLUN1           <integer> = 0x0000000000000000 (0)
00:00:00.296718   SataLUN2           <integer> = 0x0000000000000001 (1)
00:00:00.296718   UUID               <bytes>   = "18 8c bb 87 55 a7 c6 46 ba 82 2a 0d eb 17 ba c3" (cb=16)
00:00:00.296719 
00:00:00.296719 [/Devices/pcbios/0/Config/NetBoot/] (level 5)
00:00:00.296720 
00:00:00.296720 [/Devices/pcbios/0/Config/NetBoot/0/] (level 6)
00:00:00.296735   NIC           <integer> = 0x0000000000000000 (0)
00:00:00.296736   PCIBusNo      <integer> = 0x0000000000000000 (0)
00:00:00.296736   PCIDeviceNo   <integer> = 0x0000000000000003 (3)
00:00:00.296737   PCIFunctionNo <integer> = 0x0000000000000000 (0)
00:00:00.296737 
00:00:00.296737 [/Devices/pci/] (level 2)
00:00:00.296738 
00:00:00.296738 [/Devices/pci/0/] (level 3)
00:00:00.296738   Trusted <integer> = 0x0000000000000001 (1)
00:00:00.296739 
00:00:00.296739 [/Devices/pci/0/Config/] (level 4)
00:00:00.296739   IOAPIC <integer> = 0x0000000000000001 (1)
00:00:00.296740 
00:00:00.296740 [/Devices/pckbd/] (level 2)
00:00:00.296740 
00:00:00.296741 [/Devices/pckbd/0/] (level 3)
00:00:00.296741   Trusted <integer> = 0x0000000000000001 (1)
00:00:00.296741 
00:00:00.296742 [/Devices/pckbd/0/Config/] (level 4)
00:00:00.296742 
00:00:00.296742 [/Devices/pckbd/0/LUN#0/] (level 4)
00:00:00.296743   Driver <string>  = "KeyboardQueue" (cb=14)
00:00:00.296743 
00:00:00.296743 [/Devices/pckbd/0/LUN#0/AttachedDriver/] (level 5)
00:00:00.296744   Driver <string>  = "MainKeyboard" (cb=13)
00:00:00.296744 
00:00:00.296745 [/Devices/pckbd/0/LUN#0/AttachedDriver/Config/] (level 6)
00:00:00.296745   Object <integer> = 0x000002772ff926e0 (2 710 929 221 344)
00:00:00.296746 
00:00:00.296746 [/Devices/pckbd/0/LUN#0/Config/] (level 5)
00:00:00.296747   QueueSize <integer> = 0x0000000000000040 (64)
00:00:00.296747 
00:00:00.296747 [/Devices/pckbd/0/LUN#1/] (level 4)
00:00:00.296748   Driver <string>  = "MouseQueue" (cb=11)
00:00:00.296748 
00:00:00.296749 [/Devices/pckbd/0/LUN#1/AttachedDriver/] (level 5)
00:00:00.296749   Driver <string>  = "MainMouse" (cb=10)
00:00:00.296750 
00:00:00.296750 [/Devices/pckbd/0/LUN#1/AttachedDriver/Config/] (level 6)
00:00:00.296750   Object <integer> = 0x000002772ff92d20 (2 710 929 222 944)
00:00:00.296751 
00:00:00.296751 [/Devices/pckbd/0/LUN#1/Config/] (level 5)
00:00:00.296752   QueueSize <integer> = 0x0000000000000080 (128)
00:00:00.296752 
00:00:00.296752 [/Devices/pcnet/] (level 2)
00:00:00.296753 
00:00:00.296753 [/Devices/piix3ide/] (level 2)
00:00:00.296754 
00:00:00.296754 [/Devices/piix3ide/0/] (level 3)
00:00:00.296754   PCIBusNo      <integer> = 0x0000000000000000 (0)
00:00:00.296755   PCIDeviceNo   <integer> = 0x0000000000000001 (1)
00:00:00.296755   PCIFunctionNo <integer> = 0x0000000000000001 (1)
00:00:00.296756   Trusted       <integer> = 0x0000000000000001 (1)
00:00:00.296756 
00:00:00.296756 [/Devices/piix3ide/0/Config/] (level 4)
00:00:00.296757   Type <string>  = "PIIX3" (cb=6)
00:00:00.296757 
00:00:00.296757 [/Devices/piix3ide/0/Config/PrimaryMaster/] (level 5)
00:00:00.296758   NonRotationalMedium <integer> = 0x0000000000000000 (0)
00:00:00.296758 
00:00:00.296758 [/Devices/piix3ide/0/LUN#0/] (level 4)
00:00:00.296759   Driver <string>  = "VD" (cb=3)
00:00:00.296759 
00:00:00.296759 [/Devices/piix3ide/0/LUN#0/Config/] (level 5)
00:00:00.296760   Format    <string>  = "VDI" (cb=4)
00:00:00.296760   Mountable <integer> = 0x0000000000000000 (0)
00:00:00.296761   Path      <string>  = "C:\ProgramData\BlueStacks_nxt\Engine\Nougat32\fastboot.vdi" (cb=59)
00:00:00.296761   ReadOnly  <integer> = 0x0000000000000001 (1)
00:00:00.296762   Type      <string>  = "HardDisk" (cb=9)
00:00:00.296762 
00:00:00.296762 [/Devices/piix3ide/0/LUN#999/] (level 4)
00:00:00.296763   Driver <string>  = "MainStatus" (cb=11)
00:00:00.296763 
00:00:00.296763 [/Devices/piix3ide/0/LUN#999/Config/] (level 5)
00:00:00.296764   DeviceInstance        <string>  = "piix3ide/0" (cb=11)
00:00:00.296764   First                 <integer> = 0x0000000000000000 (0)
00:00:00.296765   Last                  <integer> = 0x0000000000000003 (3)
00:00:00.296765   pConsole              <integer> = 0x00000277300fb8f0 (2 710 930 700 528)
00:00:00.296766   papLeds               <integer> = 0x00000277300fbcd8 (2 710 930 701 528)
00:00:00.296767   pmapMediumAttachments <integer> = 0x00000277300fc118 (2 710 930 702 616)
00:00:00.296768 
00:00:00.296768 [/Devices/serial/] (level 2)
00:00:00.296768 
00:00:00.296768 [/Devices/virtio-net/] (level 2)
00:00:00.296769 
00:00:00.296769 [/Devices/virtio-net/0/] (level 3)
00:00:00.296770   PCIBusNo      <integer> = 0x0000000000000000 (0)
00:00:00.296770   PCIDeviceNo   <integer> = 0x0000000000000003 (3)
00:00:00.296770   PCIFunctionNo <integer> = 0x0000000000000000 (0)
00:00:00.296771   Trusted       <integer> = 0x0000000000000001 (1)
00:00:00.296771 
00:00:00.296771 [/Devices/virtio-net/0/Config/] (level 4)
00:00:00.296772   CableConnected <integer> = 0x0000000000000001 (1)
00:00:00.296772   LineSpeed      <integer> = 0x0000000000000000 (0)
00:00:00.296773   MAC            <bytes>   = "08 00 27 0e 38 b3" (cb=6)
00:00:00.296773 
00:00:00.296774 [/Devices/virtio-net/0/LUN#0/] (level 4)
00:00:00.296774   Driver <string>  = "NAT" (cb=4)
00:00:00.296774 
00:00:00.296775 [/Devices/virtio-net/0/LUN#0/Config/] (level 5)
00:00:00.296775   AliasMode       <integer> = 0x0000000000000000 (0)
00:00:00.296776   BootFile        <string>  = "Nougat32.pxe" (cb=13)
00:00:00.296776   DNSProxy        <integer> = 0x0000000000000000 (0)
00:00:00.296777   Network         <string>  = "10.0.2.0/24" (cb=12)
00:00:00.296777   PassDomain      <integer> = 0x0000000000000001 (1)
00:00:00.296777   TFTPPrefix      <string>  = "C:\ProgramData\BlueStacks_nxt\Engine\Manager\TFTP" (cb=50)
00:00:00.296778   UseHostResolver <integer> = 0x0000000000000001 (1)
00:00:00.296778 
00:00:00.296778 [/Devices/virtio-net/0/LUN#0/Config/PortForwarding/] (level 6)
00:00:00.296779 
00:00:00.296779 [/Devices/virtio-net/0/LUN#0/Config/PortForwarding/0/] (level 7)
00:00:00.296780   BindIP    <string>  = "127.0.0.1" (cb=10)
00:00:00.296780   GuestPort <integer> = 0x00000000000015b3 (5 555)
00:00:00.296781   HostPort  <integer> = 0x00000000000015b3 (5 555)
00:00:00.296782   Name      <string>  = "tcp_5555_5555" (cb=14)
00:00:00.296782   Protocol  <string>  = "TCP" (cb=4)
00:00:00.296782 
00:00:00.296782 [/Devices/virtio-net/0/LUN#999/] (level 4)
00:00:00.296783   Driver <string>  = "MainStatus" (cb=11)
00:00:00.296783 
00:00:00.296784 [/Devices/virtio-net/0/LUN#999/Config/] (level 5)
00:00:00.296784   First   <integer> = 0x0000000000000000 (0)
00:00:00.296785   Last    <integer> = 0x0000000000000000 (0)
00:00:00.296785   papLeds <integer> = 0x00000277300fbfd8 (2 710 930 702 296)
00:00:00.296786 
00:00:00.296786 [/EM/] (level 1)
00:00:00.296786   TripleFaultReset <integer> = 0x0000000000000000 (0)
00:00:00.296787 
00:00:00.296787 [/GIM/] (level 1)
00:00:00.296787   Provider <string>  = "KVM" (cb=4)
00:00:00.296788 
00:00:00.296788 [/HM/] (level 1)
00:00:00.296788   64bitEnabled       <integer> = 0x0000000000000001 (1)
00:00:00.296789   EnableLargePages   <integer> = 0x0000000000000001 (1)
00:00:00.296789   EnableNestedPaging <integer> = 0x0000000000000001 (1)
00:00:00.296789   EnableUX           <integer> = 0x0000000000000001 (1)
00:00:00.296790   EnableVPID         <integer> = 0x0000000000000001 (1)
00:00:00.296790   Exclusive          <integer> = 0x0000000000000000 (0)
00:00:00.296791   HMForced           <integer> = 0x0000000000000001 (1)
00:00:00.296791   IBPBOnVMEntry      <integer> = 0x0000000000000000 (0)
00:00:00.296792   IBPBOnVMExit       <integer> = 0x0000000000000000 (0)
00:00:00.296792   L1DFlushOnSched    <integer> = 0x0000000000000001 (1)
00:00:00.296792   L1DFlushOnVMEntry  <integer> = 0x0000000000000000 (0)
00:00:00.296793   MDSClearOnSched    <integer> = 0x0000000000000001 (1)
00:00:00.296793   MDSClearOnVMEntry  <integer> = 0x0000000000000000 (0)
00:00:00.296794   SpecCtrlByHost     <integer> = 0x0000000000000000 (0)
00:00:00.296794 
00:00:00.296794 [/MM/] (level 1)
00:00:00.296795   CanUseLargerHeap <integer> = 0x0000000000000000 (0)
00:00:00.296795 
00:00:00.296795 [/PDM/] (level 1)
00:00:00.296796 
00:00:00.296796 [/PDM/AsyncCompletion/] (level 2)
00:00:00.296796 
00:00:00.296796 [/PDM/AsyncCompletion/File/] (level 3)
00:00:00.296797 
00:00:00.296797 [/PDM/AsyncCompletion/File/BwGroups/] (level 4)
00:00:00.296798 
00:00:00.296798 [/PDM/BlkCache/] (level 2)
00:00:00.296798   CacheSize <integer> = 0x0000000000500000 (5 242 880, 5 MB)
00:00:00.296799 
00:00:00.296799 [/PDM/Devices/] (level 2)
00:00:00.296800 
00:00:00.296800 [/PDM/Devices/bstdevices/] (level 3)
00:00:00.296800   Path <string>  = "C:\Program Files\BlueStacks_nxt\HD-Vdes-Service.dll" (cb=52)
00:00:00.296801 
00:00:00.296801 [/PDM/Drivers/] (level 2)
00:00:00.296801 
00:00:00.296802 [/PDM/Drivers/BstkC/] (level 3)
00:00:00.296802   Path <string>  = "BstkC" (cb=6)
00:00:00.296802 
00:00:00.296803 [/PDM/NetworkShaper/] (level 2)
00:00:00.296803 
00:00:00.296803 [/PDM/NetworkShaper/BwGroups/] (level 3)
00:00:00.296804 
00:00:00.296804 [/TM/] (level 1)
00:00:00.296804   TSCMode   <string>  = "RealTSCOffset" (cb=14)
00:00:00.296805   UTCOffset <integer> = 0x0000000000000000 (0)
00:00:00.296805 
00:00:00.296805 ********************* End of CFGM dump **********************
00:00:00.296811 VM: fHMEnabled=true  (configured) fRecompileUser=false fRecompileSupervisor=false
00:00:00.296812 VM: fRawRing1Enabled=false CSAM=true  PATM=true 
00:00:00.297145 HM: HMR3Init: VT-x w/ nested paging and unrestricted guest execution hw support
00:00:00.297199 MM: cbHyperHeap=0x140000 (1310720)
00:00:00.298835 CPUM: fXStateHostMask=0x7; initial: 0x7; host XCR0=0x1f
00:00:00.300575 CPUM: Matched host CPU INTEL 0x6/0xa5/0x2 Intel_Atom_Unknown with CPU DB entry 'Intel Pentium N3530 2.16GHz' (INTEL 0x6/0x37/0x8 Intel_Atom_Silvermont)
00:00:00.300609 CPUM: MXCSR_MASK=0xffff (host: 0xffff)
00:00:00.300619 CPUM: Microcode revision 0x000000EA
00:00:00.300629 CPUM: MSR/CPUID reconciliation insert: 0x0000010b IA32_FLUSH_CMD
00:00:00.300632 CPUM: MSR/CPUID reconciliation insert: 0x0000010a IA32_ARCH_CAPABILITIES
00:00:00.300635 CPUM: MSR fudge: 0x00000122 IA32_TSX_CTRL
00:00:00.300644 CPUM: SetGuestCpuIdFeature: Enabled PAE
00:00:00.300652 CPUM: SetGuestCpuIdFeature: Enabled Speculation Control.
00:00:00.300656 CPUM: VCPU  0: Cached APIC base MSR = 0x0
00:00:00.300659 CPUM: VCPU  1: Cached APIC base MSR = 0x0
00:00:00.300661 CPUM: VCPU  2: Cached APIC base MSR = 0x0
00:00:00.300664 CPUM: VCPU  3: Cached APIC base MSR = 0x0
00:00:00.301630 PGM: HCPhysInterPD=000000009756e000 HCPhysInterPaePDPT=0000000097571000 HCPhysInterPaePML4=0000000097573000
00:00:00.301638 PGM: apInterPTs={000000009756f000,0000000097570000} apInterPaePTs={00000003a6d24000,000000038d625000} apInterPaePDs={0000000378a26000,000000037d027000,000000037b828000,0000000384329000} pInterPaePDPT64=0000000097572000
00:00:00.301664 PGM: Host paging mode: AMD64+PGE+NX
00:00:00.301671 PGM: PGMPool: cMaxPages=2096 (u64MaxPages=2084)
00:00:00.301673 PGM: pgmR3PoolInit: cMaxPages=0x830 cMaxUsers=0x1060 cMaxPhysExts=0x1060 fCacheEnable=true 
00:00:00.331456 TM: GIP - u32Mode=3 (Invariant) u32UpdateHz=93 u32UpdateIntervalNS=10736000 enmUseTscDelta=2 (Pratically Zero) fGetGipCpu=0xb cCpus=8
00:00:00.331465 TM: GIP - u64CpuHz=2 495 999 683 (0x94c5eec3)  SUPGetCpuHzFromGip => 2 495 999 683
00:00:00.331469 TM: GIP - CPU: iCpuSet=0x0 idCpu=0x0 idApic=0x0 iGipCpu=0x0 i64TSCDelta=0 enmState=3 u64CpuHz=2495999683(*) cErrors=0
00:00:00.331472 TM: GIP - CPU: iCpuSet=0x1 idCpu=0x1 idApic=0x1 iGipCpu=0x1 i64TSCDelta=0 enmState=3 u64CpuHz=2495981849(*) cErrors=0
00:00:00.331475 TM: GIP - CPU: iCpuSet=0x2 idCpu=0x2 idApic=0x2 iGipCpu=0x3 i64TSCDelta=0 enmState=3 u64CpuHz=2495999231(*) cErrors=0
00:00:00.331478 TM: GIP - CPU: iCpuSet=0x3 idCpu=0x3 idApic=0x3 iGipCpu=0x2 i64TSCDelta=0 enmState=3 u64CpuHz=2495996760(*) cErrors=0
00:00:00.331480 TM: GIP - CPU: iCpuSet=0x4 idCpu=0x4 idApic=0x4 iGipCpu=0x6 i64TSCDelta=0 enmState=3 u64CpuHz=2495999606(*) cErrors=0
00:00:00.331483 TM: GIP - CPU: iCpuSet=0x5 idCpu=0x5 idApic=0x5 iGipCpu=0x4 i64TSCDelta=0 enmState=3 u64CpuHz=2495999418(*) cErrors=0
00:00:00.331485 TM: GIP - CPU: iCpuSet=0x6 idCpu=0x6 idApic=0x6 iGipCpu=0x5 i64TSCDelta=0 enmState=3 u64CpuHz=2495999545(*) cErrors=0
00:00:00.331488 TM: GIP - CPU: iCpuSet=0x7 idCpu=0x7 idApic=0x7 iGipCpu=0x7 i64TSCDelta=0 enmState=3 u64CpuHz=2495999608(*) cErrors=0
00:00:00.331512 TM: cTSCTicksPerSecond=2 495 999 683 (0x94c5eec3) enmTSCMode=2 (RealTscOffset)
00:00:00.331513 TM: TSCTiedToExecution=false TSCNotTiedToHalt=false
00:00:00.331858 VMM: CoreCode: R3=0000027734220000 R0=XXXXXXXXXXXXXXXX RC=a1007000 Phys=0000000097564000 cb=0x1000
00:00:00.332013 IEM: TargetCpu=CURRENT, Microarch=Intel_Atom_Unknown
00:00:00.332108 GIM: Using provider 'KVM' (Implementation version: 0)
00:00:00.332114 CPUM: SetGuestCpuIdFeature: Enabled Hypervisor Present bit
00:00:00.332153 AIOMgr: Default manager type is 'Async'
00:00:00.332156 AIOMgr: Default file backend is 'NonBuffered'
00:00:00.332332 BlkCache: Cache successfully initialized. Cache size is 5242880 bytes
00:00:00.332338 BlkCache: Cache commit interval is 10000 ms
00:00:00.332341 BlkCache: Cache commit threshold is 2621440 bytes
00:00:00.374813 PcBios: [SMP] BIOS with 4 CPUs
00:00:00.374829 PcBios: Using the 386+ BIOS image.
00:00:00.374901 PcBios: MPS table at 000e1300
00:00:00.376974 PcBios: fCheckShutdownStatusForSoftReset=true   fClearShutdownStatusOnHardReset=true 
00:00:00.381284 SUP: Loaded BstkDDR0.r0 (C:\Program Files\BlueStacks_nxt\BstkDDR0.r0) at 0xXXXXXXXXXXXXXXXX - ModuleInit at XXXXXXXXXXXXXXXX and ModuleTerm at XXXXXXXXXXXXXXXX using the native ring-0 loader
00:00:00.381292 SUP: windbg> .reload /f C:\Program Files\BlueStacks_nxt\BstkDDR0.r0=0xXXXXXXXXXXXXXXXX
00:00:00.381697 CPUM: SetGuestCpuIdFeature: Enabled xAPIC
00:00:00.382056 IOAPIC: Using implementation 2.0!
00:00:00.382096 PIT: mode=3 count=0x10000 (65536) - 18.20 Hz (ch=0)
00:00:00.397315 Shared Folders service loaded
00:00:00.397736 DrvVD: Flushes will be ignored
00:00:00.397742 DrvVD: Async flushes will be passed to the disk
00:00:00.397892 VD: VDInit finished
00:00:00.397955 VD: Opening the disk took 204575 ns
00:00:00.397970 AHCI: LUN#0: disk, PCHS=16383/16/63, total number of sectors 16777216
00:00:00.397976 AHCI: LUN#0: using normal I/O
00:00:00.398205 DrvVD: Flushes will be ignored
00:00:00.398211 DrvVD: Async flushes will be passed to the disk
00:00:00.398225 vhdxOpen pszFilename="C:\ProgramData\BlueStacks_nxt\Engine\Nougat32\Data.vhdx" uOpenFlags=0x0 pVDIfsDisk=0x0002773048e528 pVDIfsImage=0x0002773048ea80 enmType=1 ppBackendData=0x0002773048ea58
00:00:00.398230 vhdxOpenImage flags requested: (0x0)
00:00:00.398324 vhdxFindAndLoadCurrentHeader header 1 is valid.
00:00:00.398329 vhdxParseLog: Log UUId is zero, nothing to replay.
00:00:00.398734 vhdxOpenImage returns rc=VINF_SUCCESS
00:00:00.398739 Image logicalSector:(512) session_uid:(830733284176) disk_size:(68719476736) block_size:(1048576) current_header_num:(1) chunkratio:4096.
00:00:00.398746 vhdxOpen returns VINF_SUCCESS (pBackendData=0x0002773303ee30)
00:00:00.398755 VD: Opening the disk took 538125 ns
00:00:00.398762 AHCI: LUN#1: disk, PCHS=16383/16/63, total number of sectors 134217728
00:00:00.398767 AHCI: LUN#1: using normal I/O
00:00:00.398935 AHCI#0: Reset the HBA
00:00:00.399083 DrvVD: Flushes will be ignored
00:00:00.399088 DrvVD: Async flushes will be passed to the disk
00:00:00.399167 VD: Opening the disk took 74358 ns
00:00:00.399305 PIIX3 ATA: LUN#0: disk, PCHS=13/16/63, total number of sectors 13694
00:00:00.399312 PIIX3 ATA: LUN#1: no unit
00:00:00.399340 PIIX3 ATA: LUN#2: no unit
00:00:00.399344 PIIX3 ATA: LUN#3: no unit
00:00:00.399393 PIIX3 ATA: Ctl#0: finished processing RESET
00:00:00.399463 PIIX3 ATA: Ctl#1: finished processing RESET
00:00:00.402722 NAT: Guest address guess set to 10.0.2.15 by initialization
00:00:00.402838 NAT: Set redirect TCP 127.0.0.1:5555 -> 0.0.0.0:5555
00:00:00.470397 PGM: The CPU physical address width is 39 bits
00:00:00.470411 PGM: PGMR3InitFinalize: 4 MB PSE mask 0000007fffffffff
00:00:00.470530 TM: TMR3InitFinalize: fTSCModeSwitchAllowed=true 
00:00:00.486872 VMM: Thread-context hooks unavailable
00:00:00.487230 HM: fWorldSwitcher=0x0 (fIbpbOnVmExit=false fIbpbOnVmEntry=false fL1dFlushOnVmEntry=false); fL1dFlushOnSched=false fMdsClearOnVmEntry=false
00:00:00.487235 HM: Using VT-x implementation 2.0
00:00:00.487235 HM: Host CR4                        = 0x3506f8
00:00:00.487236 HM: Host EFER                       = 0xd01
00:00:00.487237 HM: MSR_IA32_SMM_MONITOR_CTL        = 0x0
00:00:00.487237 HM: MSR_IA32_FEATURE_CONTROL        = 0x20005
00:00:00.487237 HM: MSR_IA32_VMX_BASIC_INFO         = 0xda040000000004
00:00:00.487238 HM:   VMCS id                         = 0x4
00:00:00.487239 HM:   VMCS size                       = 1024 bytes
00:00:00.487240 HM:   VMCS physical address limit     = None
00:00:00.487241 HM:   VMCS memory type                = 0x6
00:00:00.487241 HM:   Dual-monitor treatment support  = true 
00:00:00.487242 HM:   OUTS & INS instruction-info     = true 
00:00:00.487242 HM: Max resume loops                = 1024
00:00:00.487242 HM: MSR_IA32_VMX_PINBASED_CTLS      = 0xff00000016
00:00:00.487243 HM:   EXT_INT_EXIT
00:00:00.487243 HM:   NMI_EXIT
00:00:00.487243 HM:   VIRTUAL_NMI
00:00:00.487244 HM:   PREEMPT_TIMER
00:00:00.487244 HM:   POSTED_INTR
00:00:00.487244 HM: MSR_IA32_VMX_PROCBASED_CTLS     = 0xfff9fffe0401e172
00:00:00.487245 HM:   INT_WINDOW_EXIT
00:00:00.487245 HM:   USE_TSC_OFFSETTING
00:00:00.487245 HM:   HLT_EXIT
00:00:00.487245 HM:   INVLPG_EXIT
00:00:00.487246 HM:   MWAIT_EXIT
00:00:00.487246 HM:   RDPMC_EXIT
00:00:00.487246 HM:   RDTSC_EXIT
00:00:00.487246 HM:   CR3_LOAD_EXIT (must be set)
00:00:00.487247 HM:   CR3_STORE_EXIT (must be set)
00:00:00.487247 HM:   CR8_LOAD_EXIT
00:00:00.487247 HM:   CR8_STORE_EXIT
00:00:00.487247 HM:   USE_TPR_SHADOW
00:00:00.487247 HM:   NMI_WINDOW_EXIT
00:00:00.487248 HM:   MOV_DR_EXIT
00:00:00.487248 HM:   UNCOND_IO_EXIT
00:00:00.487248 HM:   USE_IO_BITMAPS
00:00:00.487248 HM:   MONITOR_TRAP_FLAG
00:00:00.487248 HM:   USE_MSR_BITMAPS
00:00:00.487249 HM:   MONITOR_EXIT
00:00:00.487249 HM:   PAUSE_EXIT
00:00:00.487249 HM:   USE_SECONDARY_EXEC_CTRL
00:00:00.487249 HM: MSR_IA32_VMX_PROCBASED_CTLS2    = 0x5fbfff00000000
00:00:00.487250 HM:   VIRT_APIC
00:00:00.487250 HM:   EPT
00:00:00.487250 HM:   DESCRIPTOR_TABLE_EXIT
00:00:00.487251 HM:   RDTSCP
00:00:00.487251 HM:   VIRT_X2APIC
00:00:00.487251 HM:   VPID
00:00:00.487251 HM:   WBINVD_EXIT
00:00:00.487251 HM:   UNRESTRICTED_GUEST
00:00:00.487252 HM:   APIC_REG_VIRT
00:00:00.487253 HM:   VIRT_INTR_DELIVERY
00:00:00.487253 HM:   PAUSE_LOOP_EXIT
00:00:00.487253 HM:   RDRAND_EXIT
00:00:00.487253 HM:   INVPCID
00:00:00.487254 HM:   VMFUNC
00:00:00.487254 HM:   VMCS_SHADOWING (must be cleared)
00:00:00.487254 HM:   ENCLS_EXIT
00:00:00.487254 HM:   RDSEED_EXIT
00:00:00.487255 HM:   PML
00:00:00.487256 HM:   EPT_VE
00:00:00.487256 HM:   CONCEAL_FROM_PT
00:00:00.487256 HM:   XSAVES_XRSTORS
00:00:00.487256 HM:   TSC_SCALING (must be cleared)
00:00:00.487257 HM: MSR_IA32_VMX_ENTRY_CTLS         = 0x3ffff000011ff
00:00:00.487257 HM:   LOAD_DEBUG (must be set)
00:00:00.487257 HM:   IA32E_MODE_GUEST
00:00:00.487258 HM:   ENTRY_SMM
00:00:00.487258 HM:   DEACTIVATE_DUALMON
00:00:00.487258 HM:   LOAD_GUEST_PERF_MSR
00:00:00.487258 HM:   LOAD_GUEST_PAT_MSR
00:00:00.487259 HM:   LOAD_GUEST_EFER_MSR
00:00:00.487259 HM: MSR_IA32_VMX_EXIT_CTLS          = 0x1ffffff00036dff
00:00:00.487259 HM:   SAVE_DEBUG (must be set)
00:00:00.487260 HM:   HOST_ADDR_SPACE_SIZE
00:00:00.487260 HM:   LOAD_PERF_MSR
00:00:00.487260 HM:   ACK_EXT_INT
00:00:00.487260 HM:   SAVE_GUEST_PAT_MSR
00:00:00.487261 HM:   LOAD_HOST_PAT_MSR
00:00:00.487261 HM:   SAVE_GUEST_EFER_MSR
00:00:00.487261 HM:   LOAD_HOST_EFER_MSR
00:00:00.487261 HM:   SAVE_VMX_PREEMPT_TIMER
00:00:00.487262 HM: MSR_IA32_VMX_EPT_VPID_CAP       = 0xf0106734141
00:00:00.487262 HM:   RWX_X_ONLY
00:00:00.487262 HM:   PAGE_WALK_LENGTH_4
00:00:00.487262 HM:   EMT_UC
00:00:00.487263 HM:   EMT_WB
00:00:00.487263 HM:   PDE_2M
00:00:00.487263 HM:   PDPTE_1G
00:00:00.487263 HM:   INVEPT
00:00:00.487263 HM:   EPT_ACCESS_DIRTY
00:00:00.487264 HM:   INVEPT_SINGLE_CONTEXT
00:00:00.487264 HM:   INVEPT_ALL_CONTEXTS
00:00:00.487264 HM:   INVVPID
00:00:00.487264 HM:   INVVPID_INDIV_ADDR
00:00:00.487264 HM:   INVVPID_SINGLE_CONTEXT
00:00:00.487265 HM:   INVVPID_ALL_CONTEXTS
00:00:00.487265 HM:   INVVPID_SINGLE_CONTEXT_RETAIN_GLOBALS
00:00:00.487265 HM: MSR_IA32_VMX_MISC               = 0x7004c1e7
00:00:00.487266 HM:   PREEMPT_TSC_BIT                 = 0x7
00:00:00.487266 HM:   STORE_EFERLMA_VMEXIT            = true 
00:00:00.487266 HM:   ACTIVITY_STATES                 = 0x7
00:00:00.487267 HM:   CR3_TARGET                      = 0x4
00:00:00.487267 HM:   MAX_MSR                         = 512
00:00:00.487267 HM:   RDMSR_SMBASE_MSR_SMM            = true 
00:00:00.487268 HM:   SMM_MONITOR_CTL_B2              = true 
00:00:00.487268 HM:   VMWRITE_VMEXIT_INFO             = true 
00:00:00.487268 HM:   MSEG_ID                         = 0x0
00:00:00.487268 HM: MSR_IA32_VMX_CR0_FIXED0         = 0x80000021
00:00:00.487269 HM: MSR_IA32_VMX_CR0_FIXED1         = 0xffffffff
00:00:00.487269 HM: MSR_IA32_VMX_CR4_FIXED0         = 0x2000
00:00:00.487270 HM: MSR_IA32_VMX_CR4_FIXED1         = 0x7727ff
00:00:00.487270 HM: MSR_IA32_VMX_VMCS_ENUM          = 0x2e
00:00:00.487271 HM:   HIGHEST_INDEX                   = 0x17
00:00:00.487271 HM: MSR_IA32_VMX_VMFUNC             = 0x1
00:00:00.487271 HM:   EPTP_SWITCHING
00:00:00.487271 HM: APIC-access page physaddr       = 0x0000000097563000
00:00:00.487272 HM: VCPU  0: MSR bitmap physaddr    = 0x0000000097560000
00:00:00.487273 HM: VCPU  0: VMCS physaddr          = 0x0000000097562000
00:00:00.487273 HM: VCPU  1: MSR bitmap physaddr    = 0x000000009755b000
00:00:00.487274 HM: VCPU  1: VMCS physaddr          = 0x000000009755d000
00:00:00.487274 HM: VCPU  2: MSR bitmap physaddr    = 0x0000000097556000
00:00:00.487275 HM: VCPU  2: VMCS physaddr          = 0x0000000097558000
00:00:00.487275 HM: VCPU  3: MSR bitmap physaddr    = 0x0000000097551000
00:00:00.487276 HM: VCPU  3: VMCS physaddr          = 0x0000000097553000
00:00:00.487276 HM: Guest support: 32-bit and 64-bit
00:00:00.487281 HM: Supports VMCS EFER fields       = true 
00:00:00.487282 HM: Enabled VMX
00:00:00.487283 CPUM: SetGuestCpuIdFeature: Enabled SYSENTER/EXIT
00:00:00.487284 CPUM: SetGuestCpuIdFeature: Enabled PAE
00:00:00.487284 CPUM: SetGuestCpuIdFeature: Enabled LONG MODE
00:00:00.487284 CPUM: SetGuestCpuIdFeature: Enabled SYSCALL/RET
00:00:00.487285 CPUM: SetGuestCpuIdFeature: Enabled LAHF/SAHF
00:00:00.487285 CPUM: SetGuestCpuIdFeature: Enabled NX
00:00:00.487285 HM: Enabled nested paging
00:00:00.487285 HM:   EPT flush type                = VMXFLUSHEPT_SINGLE_CONTEXT
00:00:00.487286 HM: Enabled unrestricted guest execution
00:00:00.487286 HM: Enabled large page support
00:00:00.487286 HM: Enabled VPID
00:00:00.487287 HM:   VPID flush type               = VMXFLUSHVPID_SINGLE_CONTEXT
00:00:00.487287 HM: Enabled VMX-preemption timer (cPreemptTimerShift=7)
00:00:00.487288 HM: VT-x/AMD-V init method: LOCAL
00:00:00.487289 CPUM: VCPU  0: Cached APIC base MSR = 0xfee00900
00:00:00.487325 CPUM: VCPU  1: Cached APIC base MSR = 0xfee00800
00:00:00.487330 CPUM: VCPU  2: Cached APIC base MSR = 0xfee00800
00:00:00.487332 CPUM: VCPU  3: Cached APIC base MSR = 0xfee00800
00:00:00.487334 VMM: fUsePeriodicPreemptionTimers=false
00:00:00.487365 CPUM: Logical host processors: 8 present, 8 max, 8 online, online mask: 00000000000000ff
00:00:00.487366 CPUM: Physical host cores: 4
00:00:00.487367 ************************* CPUID dump ************************
00:00:00.487371          Raw Standard CPUID Leaves
00:00:00.487371      Leaf/sub-leaf  eax      ebx      ecx      edx
00:00:00.487372 Gst: 00000000/0000  00000016 756e6547 6c65746e 49656e69
00:00:00.487373 Hst:                00000016 756e6547 6c65746e 49656e69
00:00:00.487374 Gst: 00000001/0000  000a0652 00040800 d6d82203 178bfbff
00:00:00.487375 Hst:                000a0652 05100800 7ffafbbf bfebfbff
00:00:00.487376 Gst: 00000002/0000  76036301 00f0b5ff 00000000 00c30000
00:00:00.487376 Hst:                76036301 00f0b5ff 00000000 00c30000
00:00:00.487377 Gst: 00000003/0000  00000000 00000000 00000000 00000000
00:00:00.487378 Hst:                00000000 00000000 00000000 00000000
00:00:00.487378 Gst: 00000004/0000  0c000121 01c0003f 0000003f 00000000
00:00:00.487379 Hst:                1c004121 01c0003f 0000003f 00000000
00:00:00.487379 Gst: 00000004/0001  0c000122 01c0003f 0000003f 00000000
00:00:00.487380 Hst:                1c004122 01c0003f 0000003f 00000000
00:00:00.487381 Gst: 00000004/0002  0c000143 00c0003f 000003ff 00000000
00:00:00.487381 Hst:                1c004143 00c0003f 000003ff 00000000
00:00:00.487382 Gst: 00000004/0003  0c000163 03c0003f 00001fff 00000006
00:00:00.487382 Hst:                1c03c163 03c0003f 00001fff 00000006
00:00:00.487383 Gst: 00000004/0004  0c000000 00000000 00000000 00000000
00:00:00.487383 Hst:                00000000 00000000 00000000 00000000
00:00:00.487384 Gst: 00000005/0000  00000000 00000000 00000000 00000000
00:00:00.487384 Hst:                00000040 00000040 00000003 11142120
00:00:00.487385 Gst: 00000006/0000  00000000 00000000 00000000 00000000
00:00:00.487386 Hst:                000027f7 00000002 00000009 00000000
00:00:00.487386 Gst: 00000007/0000  00000000 00842000 00000000 3c000400
00:00:00.487387 Hst:                00000000 029c67af 40000008 bc000400
00:00:00.487387 Gst: 00000007/0001  00000000 00000000 00000000 00000000
00:00:00.487388 Hst:                00000000 00000000 00000000 00000000
00:00:00.487388 Gst: 00000008/0000  00000000 00000000 00000000 00000000
00:00:00.487389 Hst:                00000000 00000000 00000000 00000000
00:00:00.487389 Gst: 00000009/0000  00000000 00000000 00000000 00000000
00:00:00.487390 Hst:                00000000 00000000 00000000 00000000
00:00:00.487390 Gst: 0000000a/0000  00000000 00000000 00000000 00000000
00:00:00.487390 Hst:                07300404 00000000 00000000 00000603
00:00:00.487391 Gst: 0000000b/0000  00000000 00000001 00000100 00000000
00:00:00.487391 Hst:                00000001 00000002 00000100 00000005
00:00:00.487392 Gst: 0000000b/0001  00000002 00000004 00000201 00000000
00:00:00.487392 Hst:                00000004 00000008 00000201 00000005
00:00:00.487393 Gst: 0000000b/0002  00000000 00000000 00000002 00000000
00:00:00.487393 Hst:                00000000 00000000 00000002 00000005
00:00:00.487394 Gst: 0000000c/0000  00000000 00000000 00000000 00000000
00:00:00.487394 Hst:                00000000 00000000 00000000 00000000
00:00:00.487394 Gst: 0000000d/0000  00000007 00000440 00000a88 00000000
00:00:00.487395 Hst:                0000021f 00000440 00000a88 00000000
00:00:00.487395 Gst: 0000000d/0001  00000000 00000440 00000000 00000000
00:00:00.487396 Hst:                0000000f 00000440 00000100 00000000
00:00:00.487396 Gst: 0000000d/0002  00000100 00000240 00000000 00000000
00:00:00.487397 Hst:                00000100 00000240 00000000 00000000
00:00:00.487397 Gst: 0000000d/0003  00000000 00000000 00000000 00000000
00:00:00.487398 Hst:                00000040 000003c0 00000000 00000000
00:00:00.487398 Gst: 0000000d/0004  00000000 00000000 00000000 00000000
00:00:00.487399 Hst:                00000040 00000400 00000000 00000000
00:00:00.487399 Gst: 0000000d/0005  00000000 00000000 00000000 00000000
00:00:00.487399 Hst:                00000000 00000000 00000000 00000000
00:00:00.487400 Gst: 0000000d/0006  00000000 00000000 00000000 00000000
00:00:00.487400 Hst:                00000000 00000000 00000000 00000000
00:00:00.487401 Gst: 0000000d/0007  00000000 00000000 00000000 00000000
00:00:00.487401 Hst:                00000000 00000000 00000000 00000000
00:00:00.487402 Gst: 0000000d/0008  00000000 00000000 00000000 00000000
00:00:00.487402 Hst:                00000080 00000000 00000001 00000000
00:00:00.487403 Gst: 0000000d/0009  00000000 00000000 00000000 00000000
00:00:00.487403 Hst:                00000008 00000a80 00000000 00000000
00:00:00.487403 Gst: 0000000d/000a  00000000 00000000 00000000 00000000
00:00:00.487404 Hst:                00000000 00000000 00000000 00000000
00:00:00.487418 Gst: 0000000e/0000  00000000 00000000 00000000 00000000
00:00:00.487418 Hst:                00000000 00000000 00000000 00000000
00:00:00.487418 Gst: 0000000f/0000  00000000 00000000 00000000 00000000
00:00:00.487419 Hst:                00000000 00000000 00000000 00000000
00:00:00.487419 Gst: 00000010/0000  00000000 00000000 00000000 00000000
00:00:00.487420 Hst:                00000000 00000000 00000000 00000000
00:00:00.487420 Gst: 00000011/0000  00000000 00000000 00000000 00000000
00:00:00.487421 Hst:                00000000 00000000 00000000 00000000
00:00:00.487421 Gst: 00000012/0000  00000000 00000000 00000000 00000000
00:00:00.487421 Hst:                00000000 00000000 00000000 00000000
00:00:00.487422 Gst: 00000013/0000  00000000 00000000 00000000 00000000
00:00:00.487422 Hst:                00000000 00000000 00000000 00000000
00:00:00.487423 Gst: 00000014/0000  00000000 00000000 00000000 00000000
00:00:00.487423 Hst:                00000001 0000000f 00000007 00000000
00:00:00.487424 Hst: 00000015/0000  00000002 000000d0 00000000 00000000
00:00:00.487424 Hst: 00000016/0000  000009c4 00001194 00000064 00000000
00:00:00.487425                                Name: GenuineIntel
00:00:00.487426                            Supports: 0x00000000-0x00000016
00:00:00.487432                              Family:  6 	Extended: 0 	Effective: 6
00:00:00.487433                               Model:  5 	Extended: 10 	Effective: 165
00:00:00.487433                            Stepping: 2
00:00:00.487434                                Type: 0 (primary)
00:00:00.487434                             APIC ID: 0x00
00:00:00.487435                        Logical CPUs: 4
00:00:00.487435                        CLFLUSH Size: 8
00:00:00.487436                            Brand ID: 0x00
00:00:00.487436 Features
00:00:00.487437   Mnemonic - Description                                  = guest (host)
00:00:00.487438   FPU - x87 FPU on Chip                                   = 1 (1)
00:00:00.487439   VME - Virtual 8086 Mode Enhancements                    = 1 (1)
00:00:00.487440   DE - Debugging extensions                               = 1 (1)
00:00:00.487440   PSE - Page Size Extension                               = 1 (1)
00:00:00.487441   TSC - Time Stamp Counter                                = 1 (1)
00:00:00.487441   MSR - Model Specific Registers                          = 1 (1)
00:00:00.487442   PAE - Physical Address Extension                        = 1 (1)
00:00:00.487442   MCE - Machine Check Exception                           = 1 (1)
00:00:00.487443   CX8 - CMPXCHG8B instruction                             = 1 (1)
00:00:00.487444   APIC - APIC On-Chip                                     = 1 (1)
00:00:00.487444   SEP - SYSENTER and SYSEXIT Present                      = 1 (1)
00:00:00.487445   MTRR - Memory Type Range Registers                      = 1 (1)
00:00:00.487445   PGE - PTE Global Bit                                    = 1 (1)
00:00:00.487446   MCA - Machine Check Architecture                        = 1 (1)
00:00:00.487447   CMOV - Conditional Move instructions                    = 1 (1)
00:00:00.487447   PAT - Page Attribute Table                              = 1 (1)
00:00:00.487448   PSE-36 - 36-bit Page Size Extension                     = 1 (1)
00:00:00.487448   PSN - Processor Serial Number                           = 0 (0)
00:00:00.487449   CLFSH - CLFLUSH instruction                             = 1 (1)
00:00:00.487449   DS - Debug Store                                        = 0 (1)
00:00:00.487450   ACPI - Thermal Mon. & Soft. Clock Ctrl.                 = 0 (1)
00:00:00.487450   MMX - Intel MMX Technology                              = 1 (1)
00:00:00.487451   FXSR - FXSAVE and FXRSTOR instructions                  = 1 (1)
00:00:00.487452   SSE - SSE support                                       = 1 (1)
00:00:00.487452   SSE2 - SSE2 support                                     = 1 (1)
00:00:00.487453   SS - Self Snoop                                         = 0 (1)
00:00:00.487453   HTT - Hyper-Threading Technology                        = 1 (1)
00:00:00.487454   TM - Therm. Monitor                                     = 0 (1)
00:00:00.487455   PBE - Pending Break Enabled                             = 0 (1)
00:00:00.487455   SSE3 - SSE3 support                                     = 1 (1)
00:00:00.487456   PCLMUL - PCLMULQDQ support (for AES-GCM)                = 1 (1)
00:00:00.487456   DTES64 - DS Area 64-bit Layout                          = 0 (1)
00:00:00.487457   MONITOR - MONITOR/MWAIT instructions                    = 0 (1)
00:00:00.487457   CPL-DS - CPL Qualified Debug Store                      = 0 (1)
00:00:00.487458   VMX - Virtual Machine Extensions                        = 0 (1)
00:00:00.487459   SMX - Safer Mode Extensions                             = 0 (0)
00:00:00.487459   EST - Enhanced SpeedStep Technology                     = 0 (1)
00:00:00.487460   TM2 - Terminal Monitor 2                                = 0 (1)
00:00:00.487460   SSSE3 - Supplemental Streaming SIMD Extensions 3        = 1 (1)
00:00:00.487461   CNTX-ID - L1 Context ID                                 = 0 (0)
00:00:00.487461   SDBG - Silicon Debug interface                          = 0 (1)
00:00:00.487462   FMA - Fused Multiply Add extensions                     = 0 (1)
00:00:00.487462   CX16 - CMPXCHG16B instruction                           = 1 (1)
00:00:00.487463   TPRUPDATE - xTPR Update Control                         = 0 (1)
00:00:00.487464   PDCM - Perf/Debug Capability MSR                        = 0 (1)
00:00:00.487464   PCID - Process Context Identifiers                      = 0 (1)
00:00:00.487465   DCA - Direct Cache Access                               = 0 (0)
00:00:00.487465   SSE4_1 - SSE4_1 support                                 = 1 (1)
00:00:00.487466   SSE4_2 - SSE4_2 support                                 = 1 (1)
00:00:00.487466   X2APIC - x2APIC support                                 = 0 (1)
00:00:00.487468   MOVBE - MOVBE instruction                               = 1 (1)
00:00:00.487469   POPCNT - POPCNT instruction                             = 1 (1)
00:00:00.487469   TSCDEADL - Time Stamp Counter Deadline                  = 0 (1)
00:00:00.487470   AES - AES instructions                                  = 1 (1)
00:00:00.487470   XSAVE - XSAVE instruction                               = 1 (1)
00:00:00.487471   OSXSAVE - OSXSAVE instruction                           = 0 (1)
00:00:00.487471   AVX - AVX support                                       = 1 (1)
00:00:00.487472   F16C - 16-bit floating point conversion instructions    = 0 (1)
00:00:00.487472   RDRAND - RDRAND instruction                             = 1 (1)
00:00:00.487473   HVP - Hypervisor Present (we're a guest)                = 1 (0)
00:00:00.487474 Structured Extended Feature Flags Enumeration (leaf 7):
00:00:00.487474   Mnemonic - Description                                  = guest (host)
00:00:00.487474   FSGSBASE - RDFSBASE/RDGSBASE/WRFSBASE/WRGSBASE instr.   = 0 (1)
00:00:00.487475   TSCADJUST - Supports MSR_IA32_TSC_ADJUST                = 0 (1)
00:00:00.487475   SGX - Supports Software Guard Extensions                = 0 (1)
00:00:00.487476   BMI1 - Advanced Bit Manipulation extension 1            = 0 (1)
00:00:00.487476   HLE - Hardware Lock Elision                             = 0 (0)
00:00:00.487477   AVX2 - Advanced Vector Extensions 2                     = 0 (1)
00:00:00.487477   FDP_EXCPTN_ONLY - FPU DP only updated on exceptions     = 0 (0)
00:00:00.487478   SMEP - Supervisor Mode Execution Prevention             = 0 (1)
00:00:00.487478   BMI2 - Advanced Bit Manipulation extension 2            = 0 (1)
00:00:00.487479   ERMS - Enhanced REP MOVSB/STOSB instructions            = 0 (1)
00:00:00.487479   INVPCID - INVPCID instruction                           = 0 (1)
00:00:00.487480   RTM - Restricted Transactional Memory                   = 0 (0)
00:00:00.487480   PQM - Platform Quality of Service Monitoring            = 0 (0)
00:00:00.487481   DEPFPU_CS_DS - Deprecates FPU CS, FPU DS values if set  = 1 (1)
00:00:00.487481   MPE - Intel Memory Protection Extensions                = 0 (1)
00:00:00.487482   PQE - Platform Quality of Service Enforcement           = 0 (0)
00:00:00.487482   AVX512F - AVX512 Foundation instructions                = 0 (0)
00:00:00.487483   RDSEED - RDSEED instruction                             = 1 (1)
00:00:00.487483   ADX - ADCX/ADOX instructions                            = 0 (1)
00:00:00.487484   SMAP - Supervisor Mode Access Prevention                = 0 (1)
00:00:00.487485   CLFLUSHOPT - CLFLUSHOPT (Cache Line Flush) instruction  = 1 (1)
00:00:00.487485   INTEL_PT - Intel Processor Trace                        = 0 (1)
00:00:00.487486   AVX512PF - AVX512 Prefetch instructions                 = 0 (0)
00:00:00.487486   AVX512ER - AVX512 Exponential & Reciprocal instructions = 0 (0)
00:00:00.487487   AVX512CD - AVX512 Conflict Detection instructions       = 0 (0)
00:00:00.487487   SHA - Secure Hash Algorithm extensions                  = 0 (0)
00:00:00.487488   PREFETCHWT1 - PREFETCHWT1 instruction                   = 0 (0)
00:00:00.487488   PKU - Protection Key for Usermode pages                 = 0 (1)
00:00:00.487489   OSPKU - CR4.PKU mirror                                  = 0 (0)
00:00:00.487489   30 - Reserved                                           = 0 (1)
00:00:00.487490   MD_CLEAR - Supports MDS related buffer clearing         = 1 (1)
00:00:00.487491   IBRS_IBPB - IA32_SPEC_CTRL.IBRS and IA32_PRED_CMD.IBPB  = 1 (1)
00:00:00.487491   STIBP - Supports IA32_SPEC_CTRL.STIBP                   = 1 (1)
00:00:00.487492   FLUSH_CMD - Supports IA32_FLUSH_CMD                     = 1 (1)
00:00:00.487492   ARCHCAP - Supports IA32_ARCH_CAP                        = 1 (1)
00:00:00.487493   31 - Reserved                                           = 0 (1)
00:00:00.487494 Processor Extended State Enumeration (leaf 0xd):
00:00:00.487494    XSAVE area cur/max size by XCR0, guest: 0x440/0xa88
00:00:00.487495     XSAVE area cur/max size by XCR0, host: 0x440/0xa88
00:00:00.487495                    Valid XCR0 bits, guest: 0x00000000`00000007 ( x87 SSE YMM_Hi128 )
00:00:00.487496                     Valid XCR0 bits, host: 0x00000000`0000021f ( x87 SSE YMM_Hi128 BNDREGS BNDCSR 9 )
00:00:00.487498                     XSAVE features, guest:
00:00:00.487498                      XSAVE features, host: XSAVEOPT XSAVEC XGETBC1 XSAVES
00:00:00.487499       XSAVE area cur size XCR0|XSS, guest: 0x440
00:00:00.487500        XSAVE area cur size XCR0|XSS, host: 0x440
00:00:00.487500                Valid IA32_XSS bits, guest: 0x00000000`00000000
00:00:00.487500                 Valid IA32_XSS bits, host: 0x00000100`00000000 ( 40 )
00:00:00.487501   State #2, guest: off=0x0240, cb=0x0100 IA32_XSS-bit -- YMM_Hi128
00:00:00.487502   State #2, host:  off=0x0240, cb=0x0100 IA32_XSS-bit -- YMM_Hi128
00:00:00.487503   State #3, host:  off=0x03c0, cb=0x0040 IA32_XSS-bit -- BNDREGS
00:00:00.487504   State #4, host:  off=0x0400, cb=0x0040 IA32_XSS-bit -- BNDCSR
00:00:00.487505   State #8, host:  off=0x0000, cb=0x0080 XCR0-bit -- 8
00:00:00.487506   State #9, host:  off=0x0a80, cb=0x0008 IA32_XSS-bit -- 9
00:00:00.487513          Unknown CPUID Leaves
00:00:00.487513      Leaf/sub-leaf  eax      ebx      ecx      edx
00:00:00.487514 Gst: 00000014/0001  00000000 00000000 00000000 00000000
00:00:00.487514 Hst:                02490002 003f3fff 00000000 00000000
00:00:00.487515 Gst: 00000014/0002  00000000 00000000 00000000 00000000
00:00:00.487515 Hst:                00000000 00000000 00000000 00000000
00:00:00.487516 Gst: 00000015/0000  00000000 00000000 00000000 00000000
00:00:00.487516 Hst:                00000002 000000d0 00000000 00000000
00:00:00.487517 Gst: 00000016/0000  00000000 00000000 00000000 00000000
00:00:00.487517 Hst:                000009c4 00001194 00000064 00000000
00:00:00.487518          Raw Hypervisor CPUID Leaves
00:00:00.487519      Leaf/sub-leaf  eax      ebx      ecx      edx
00:00:00.487519 Gst: 40000000/0000  40000001 4b4d564b 564b4d56 0000004d
00:00:00.487520 Hst:                000009c4 00001194 00000064 00000000
00:00:00.487521 Gst: 40000001/0000  01000089 00000000 00000000 00000000
00:00:00.487521 Hst:                000009c4 00001194 00000064 00000000
00:00:00.487522          Raw Extended CPUID Leaves
00:00:00.487522      Leaf/sub-leaf  eax      ebx      ecx      edx
00:00:00.487522 Gst: 80000000/0000  80000008 00000000 00000000 00000000
00:00:00.487523 Hst:                80000008 00000000 00000000 00000000
00:00:00.487523 Gst: 80000001/0000  00000000 00000000 00000121 28100800
00:00:00.487524 Hst:                00000000 00000000 00000121 2c100800
00:00:00.487525 Gst: 80000002/0000  65746e49 2952286c 726f4320 4d542865
00:00:00.487526 Hst:                65746e49 2952286c 726f4320 4d542865
00:00:00.487527 Gst: 80000003/0000  35692029 3330312d 20483030 20555043
00:00:00.487527 Hst:                35692029 3330312d 20483030 20555043
00:00:00.487529 Gst: 80000004/0000  2e322040 48473035 0000007a 00000000
00:00:00.487529 Hst:                2e322040 48473035 0000007a 00000000
00:00:00.487530 Gst: 80000005/0000  00000000 00000000 00000000 00000000
00:00:00.487530 Hst:                00000000 00000000 00000000 00000000
00:00:00.487531 Gst: 80000006/0000  00000000 00000000 01006040 00000000
00:00:00.487531 Hst:                00000000 00000000 01006040 00000000
00:00:00.487532 Gst: 80000007/0000  00000000 00000000 00000000 00000100
00:00:00.487532 Hst:                00000000 00000000 00000000 00000100
00:00:00.487533 Gst: 80000008/0000  00003027 00000000 00000000 00000000
00:00:00.487533 Hst:                00003027 00000000 00000000 00000000
00:00:00.487533 Ext Name:                        
00:00:00.487534 Ext Supports:                    0x80000000-0x80000008
00:00:00.487534 Family:                          0  	Extended: 0 	Effective: 0
00:00:00.487535 Model:                           0  	Extended: 0 	Effective: 0
00:00:00.487535 Stepping:                        0
00:00:00.487535 Brand ID:                        0x000
00:00:00.487536 Ext Features
00:00:00.487536   Mnemonic - Description                                  = guest (host)
00:00:00.487536   FPU - x87 FPU on Chip                                   = 0 (0)
00:00:00.487537   VME - Virtual 8086 Mode Enhancements                    = 0 (0)
00:00:00.487537   DE - Debugging extensions                               = 0 (0)
00:00:00.487538   PSE - Page Size Extension                               = 0 (0)
00:00:00.487539   TSC - Time Stamp Counter                                = 0 (0)
00:00:00.487539   MSR - K86 Model Specific Registers                      = 0 (0)
00:00:00.487540   PAE - Physical Address Extension                        = 0 (0)
00:00:00.487540   MCE - Machine Check Exception                           = 0 (0)
00:00:00.487541   CX8 - CMPXCHG8B instruction                             = 0 (0)
00:00:00.487541   APIC - APIC On-Chip                                     = 0 (0)
00:00:00.487542   SEP - SYSCALL/SYSRET                                    = 1 (1)
00:00:00.487543   MTRR - Memory Type Range Registers                      = 0 (0)
00:00:00.487543   PGE - PTE Global Bit                                    = 0 (0)
00:00:00.487544   MCA - Machine Check Architecture                        = 0 (0)
00:00:00.487544   CMOV - Conditional Move instructions                    = 0 (0)
00:00:00.487545   PAT - Page Attribute Table                              = 0 (0)
00:00:00.487545   PSE-36 - 36-bit Page Size Extension                     = 0 (0)
00:00:00.487546   NX - No-Execute/Execute-Disable                         = 1 (1)
00:00:00.487547   AXMMX - AMD Extensions to MMX instructions              = 0 (0)
00:00:00.487547   MMX - Intel MMX Technology                              = 0 (0)
00:00:00.487548   FXSR - FXSAVE and FXRSTOR Instructions                  = 0 (0)
00:00:00.487548   FFXSR - AMD fast FXSAVE and FXRSTOR instructions        = 0 (0)
00:00:00.487549   Page1GB - 1 GB large page                               = 0 (1)
00:00:00.487549   RDTSCP - RDTSCP instruction                             = 1 (1)
00:00:00.487550   LM - AMD64 Long Mode                                    = 1 (1)
00:00:00.487550   3DNOWEXT - AMD Extensions to 3DNow                      = 0 (0)
00:00:00.487551   3DNOW - AMD 3DNow                                       = 0 (0)
00:00:00.487552   LahfSahf - LAHF/SAHF support in 64-bit mode             = 1 (1)
00:00:00.487552   CmpLegacy - Core multi-processing legacy mode           = 0 (0)
00:00:00.487553   SVM - AMD Secure Virtual Machine extensions             = 0 (0)
00:00:00.487553   EXTAPIC - AMD Extended APIC registers                   = 0 (0)
00:00:00.487554   CR8L - AMD LOCK MOV CR0 means MOV CR8                   = 0 (0)
00:00:00.487554   ABM - AMD Advanced Bit Manipulation                     = 1 (1)
00:00:00.487555   SSE4A - SSE4A instructions                              = 0 (0)
00:00:00.487555   MISALIGNSSE - AMD Misaligned SSE mode                   = 0 (0)
00:00:00.487556   3DNOWPRF - AMD PREFETCH and PREFETCHW instructions      = 1 (1)
00:00:00.487556   OSVW - AMD OS Visible Workaround                        = 0 (0)
00:00:00.487557   IBS - Instruct Based Sampling                           = 0 (0)
00:00:00.487557   XOP - Extended Operation support                        = 0 (0)
00:00:00.487558   SKINIT - SKINIT, STGI, and DEV support                  = 0 (0)
00:00:00.487558   WDT - AMD Watchdog Timer support                        = 0 (0)
00:00:00.487559   LWP - Lightweight Profiling support                     = 0 (0)
00:00:00.487560   FMA4 - Four operand FMA instruction support             = 0 (0)
00:00:00.487560   NodeId - NodeId in MSR C001_100C                        = 0 (0)
00:00:00.487561   TBM - Trailing Bit Manipulation instructions            = 0 (0)
00:00:00.487561   TOPOEXT - Topology Extensions                           = 0 (0)
00:00:00.487562 Full Name:                       "Intel(R) Core(TM) i5-10300H CPU @ 2.50GHz"
00:00:00.487562 TLB 2/4M Instr/Uni:              res0     0 entries
00:00:00.487563 TLB 2/4M Data:                   res0     0 entries
00:00:00.487563 TLB 4K Instr/Uni:                res0     0 entries
00:00:00.487563 TLB 4K Data:                     res0     0 entries
00:00:00.487564 L1 Instr Cache Line Size:        0 bytes
00:00:00.487564 L1 Instr Cache Lines Per Tag:    0
00:00:00.487564 L1 Instr Cache Associativity:    res0  
00:00:00.487565 L1 Instr Cache Size:             0 KB
00:00:00.487565 L1 Data Cache Line Size:         0 bytes
00:00:00.487565 L1 Data Cache Lines Per Tag:     0
00:00:00.487565 L1 Data Cache Associativity:     res0  
00:00:00.487566 L1 Data Cache Size:              0 KB
00:00:00.487567 L2 TLB 2/4M Instr/Uni:           off       0 entries
00:00:00.487567 L2 TLB 2/4M Data:                off       0 entries
00:00:00.487568 L2 TLB 4K Instr/Uni:             off       0 entries
00:00:00.487568 L2 TLB 4K Data:                  off       0 entries
00:00:00.487568 L2 Cache Line Size:              0 bytes
00:00:00.487569 L2 Cache Lines Per Tag:          0
00:00:00.487569 L2 Cache Associativity:          off   
00:00:00.487569 L2 Cache Size:                   0 KB
00:00:00.487569 APM Features:                    TscInvariant
00:00:00.487570 Host Invariant-TSC support:      true 
00:00:00.487571 Physical Address Width:          39 bits
00:00:00.487571 Virtual Address Width:           48 bits
00:00:00.487571 Guest Physical Address Width:    0 bits
00:00:00.487571 Physical Core Count:             1
00:00:00.487572 
00:00:00.487573 ******************** End of CPUID dump **********************
00:00:00.503021 PcBios: ATA failed to update LCHS geometry, read only
00:00:00.503026 PcBios: ATA LUN#0 LCHS=13/16/63
00:00:00.503039 PcBios: ATA failed to update LCHS geometry, read only
00:00:00.503042 PcBios: SATA LUN#0 LCHS=1024/255/63
00:00:00.503074 PcBios: SATA LUN#1 LCHS=1024/255/63
00:00:00.503081 APIC: fPostedIntrsEnabled=false fVirtApicRegsEnabled=false fSupportsTscDeadline=false
00:00:00.503086 VMEmt: Halt method global1 (5)
00:00:00.503157 VMEmt: HaltedGlobal1 config: cNsSpinBlockThresholdCfg=50000
00:00:00.503266 Changing the VM state from 'CREATING' to 'CREATED'
00:00:00.504359 SharedFolders host service: Adding host mapping
00:00:00.504365     Host path 'C:\ProgramData\BlueStacks_nxt\Engine\UserData\SharedFolder', map name 'BstSharedFolder', writable, automount=false, create_symlinks=false, missing=false
00:00:00.504650 SharedFolders host service: Adding host mapping
00:00:00.504656     Host path 'C:\Users\acer\Documents', map name 'Documents', writable, automount=false, create_symlinks=false, missing=false
00:00:00.504941 SharedFolders host service: Adding host mapping
00:00:00.504947     Host path 'C:\ProgramData\BlueStacks_nxt\Engine\UserData\InputMapper', map name 'InputMapper', writable, automount=false, create_symlinks=false, missing=false
00:00:00.505226 SharedFolders host service: Adding host mapping
00:00:00.505232     Host path 'C:\Users\acer\Pictures', map name 'Pictures', writable, automount=false, create_symlinks=false, missing=false
00:00:00.505451 Changing the VM state from 'CREATED' to 'POWERING_ON'
00:00:00.505882 Changing the VM state from 'POWERING_ON' to 'RUNNING'
00:00:00.505891 Console: Machine state changed to 'Running'
00:00:00.508401 VMMDev: Guest Log: BIOS: VirtualBox 5.1.22
00:00:00.509763 PIT: mode=2 count=0x10000 (65536) - 18.20 Hz (ch=0)
00:00:00.534078 PIIX3 ATA: Ctl#0: RESET, DevSel=0 AIOIf=0 CmdIf0=0x00 (-1 usec ago) CmdIf1=0x00 (-1 usec ago)
00:00:00.534128 PIIX3 ATA: Ctl#0: finished processing RESET
00:00:00.534429 VMMDev: Guest Log: BIOS: ata0-0: PCHS=13/16/63 LCHS=13/16/63
00:00:00.534460 PIIX3 ATA: Ctl#0: RESET, DevSel=1 AIOIf=0 CmdIf0=0xec (-1 usec ago) CmdIf1=0x00 (-1 usec ago)
00:00:00.534800 PIIX3 ATA: Ctl#0: finished processing RESET
00:00:00.540472 AHCI#0: Reset the HBA
00:00:00.540521 AHCI#0: Port 0 reset
00:00:00.541001 VMMDev: Guest Log: BIOS: AHCI 0-P#0: PCHS=16383/16/63 LCHS=1024/255/63 0x0000000001000000 sectors
00:00:00.541054 AHCI#0: Port 1 reset
00:00:00.541572 VMMDev: Guest Log: BIOS: AHCI 1-P#1: PCHS=16383/16/63 LCHS=1024/255/63 0x0000000008000000 sectors
00:00:00.541746 PIT: mode=2 count=0x48d3 (18643) - 64.00 Hz (ch=0)
00:00:00.541770 PIT: mode=2 count=0x10000 (65536) - 18.20 Hz (ch=0)
00:00:00.541970 VMMDev: Guest Log: BIOS: Boot : bseqnr=1, bootseq=0002
00:00:00.542199 VMMDev: Guest Log: BIOS: Booting from Hard Disk...
00:00:00.569149 VMMDev: Guest Log: BIOS: KBD: unsupported int 16h function 03
00:00:00.569354 VMMDev: Guest Log: BIOS: AX=0305 BX=0000 CX=0000 DX=0000 
00:00:00.716311 GIM: KVM: VCPU  0: Enabled system-time struct. at 0x0000000014ffd000 - u32TscScale=0xcd20d3c3 i8TscShift=-1 uVersion=2 fFlags=0x1 uTsc=0x1f492289 uVirtNanoTS=0xc88e2fd
00:00:00.924427 GIM: KVM: Enabled wall-clock struct. at 0x0000000001b14f88 - u32Sec=1665662496 u32Nano=854858195 uVersion=2
00:00:00.934675 PIT: mode=2 count=0x2e9c (11932) - 99.99 Hz (ch=0)
00:00:01.066622 PIT: mode=0 count=0x10000 (65536) - 18.20 Hz (ch=0)
00:00:01.268936 CPUM: VCPU  1: Cached APIC base MSR = 0xfee00800
00:00:01.269004 GIM: KVM: VCPU  1: Enabled system-time struct. at 0x0000000014ffd040 - u32TscScale=0xcd20d3c3 i8TscShift=-1 uVersion=2 fFlags=0x1 uTsc=0x1f492289 uVirtNanoTS=0xc88e2fd
00:00:01.349383 CPUM: VCPU  2: Cached APIC base MSR = 0xfee00800
00:00:01.349457 GIM: KVM: VCPU  2: Enabled system-time struct. at 0x0000000014ffd080 - u32TscScale=0xcd20d3c3 i8TscShift=-1 uVersion=2 fFlags=0x1 uTsc=0x1f492289 uVirtNanoTS=0xc88e2fd
00:00:01.429611 CPUM: VCPU  3: Cached APIC base MSR = 0xfee00800
00:00:01.429779 GIM: KVM: VCPU  3: Enabled system-time struct. at 0x0000000014ffd0c0 - u32TscScale=0xcd20d3c3 i8TscShift=-1 uVersion=2 fFlags=0x1 uTsc=0x1f492289 uVirtNanoTS=0xc88e2fd
00:00:01.707987 AHCI#0: Reset the HBA
00:00:01.713386 AHCI#0: Port 0 reset
00:00:01.715105 AHCI#0: Port 1 reset
00:00:02.022891 VMMDev: Guest Additions information report: Version 5.1.24 r117012 '5.1.24'
00:00:02.022937 VMMDev: Guest Additions information report: Interface = 0x00010004 osType = 0x00053000 (Linux >= 2.6, 32-bit)
00:00:02.023533 VMMDev: Guest Additions capability report: (0x0 -> 0x0) seamless: no, hostWindowMapping: no, graphics: no
00:00:02.023804 VMMDev: Guest reported fixed hypervisor window at 000f6c00000 LB 0x2400000 (rc=VINF_SUCCESS)
00:00:02.023821 VMMDev: vmmDevReqHandler_HeartbeatConfigure: No change (fHeartbeatActive=false).
00:00:02.023835 VMMDev: Heartbeat flatline timer set to trigger after 4 000 000 000 ns
00:00:02.023870 VMMDev: Guest Log: vgdrvHeartbeatInit: Setting up heartbeat to trigger every 2000 milliseconds
00:00:02.026224 VMMDev: Guest Log: vboxguest: misc device minor 50, IRQ 20, I/O port d040, MMIO at 00000000f0000000 (size 0x400000)
