VirtualBox COM Server 2.1.24 r117012 win.amd64 (Jun 23 2022 11:48:21) release log
00:00:00.015622 main     Log opened 2022-10-13T12:01:35.977749500Z
00:00:00.015622 main     Local Time 15:01:35
00:00:00.015622 main     Build Type: release
00:00:00.015622 main     OS Product: Windows 10
00:00:00.015622 main     OS Release: 10.0.19044
00:00:00.015622 main     OS Service Pack: 
00:00:00.015622 main     DMI Product Name: Nitro AN515-55
00:00:00.031243 main     DMI Product Version: V2.06
00:00:00.031243 main     Host RAM: 16215MB (15.8GB) total, 12309MB (12.0GB) available
00:00:00.031243 main     Executable: C:\Program Files\BlueStacks_nxt\BstkSVC.exe
00:00:00.031243 main     Process ID: 11948
00:00:00.031243 main     Package type: WINDOWS_64BITS_GENERIC (OSE)
00:00:00.031243          VirtualBox: object creation starts
00:00:00.031243          Home directory: 'C:\ProgramData\BlueStacks_nxt\Engine\Manager'
00:00:00.031243          Installed Drivers:
00:00:00.046865          Loading settings file "C:\ProgramData\BlueStacks_nxt\Engine\Manager\BstkGlobal.xml" with version "1.12-windows"
00:00:00.046865          USBLibInit: USB Service not found
00:00:00.093734          netIfGetBoundAdapters: could not find either 'oracle_VBoxNetLwf' or 'sun_VBoxNetFlt' components (0x1)
00:00:00.109349          HostDnsMonitor: old information
00:00:00.109349            no server entries
00:00:00.109349            no domain set
00:00:00.109349            no search string entries
00:00:00.109349          HostDnsMonitor: new information
00:00:00.109349            server 1: 192.168.0.1
00:00:00.109349            no domain set
00:00:00.109349            no search string entries
00:00:00.109349          HostDnsMonitorProxy::notify
00:00:00.109349          VD: VDInit finished
00:00:00.109349          ERROR [COM]: aRC=E_FAIL (0x80004005) aIID={d49042e3-a444-4cd0-b527-e0bab0d25ccf} aComponent={SystemPropertiesWrap} aText={Cannot determine default Guest Additions ISO location. Most likely they are not available}, preserve=false aResultDetail=0
00:00:00.109349          Loading settings file "C:\ProgramData\BlueStacks_nxt\Engine\Nougat32\Nougat32.bstk" with version "1.16-windows"
00:00:00.109349          VirtualBox: object created
00:00:00.171875          vhdxOpen pszFilename="C:\ProgramData\BlueStacks_nxt\Engine\Nougat32\Data.vhdx" uOpenFlags=0x8 pVDIfsDisk=0x00000002f65b50 pVDIfsImage=0x00000002f4a5d0 enmType=1 ppBackendData=0x00000002f4a5a8
00:00:00.171875          vhdxOpenImage flags requested: (0x8)
00:00:00.171875          vhdxFindAndLoadCurrentHeader header 1 is valid.
00:00:00.171875          vhdxParseLog: Log UUId is zero, nothing to replay.
00:00:00.171875          vhdxOpenImage returns rc=VINF_SUCCESS
00:00:00.171875          Image logicalSector:(512) session_uid:(53597872) disk_size:(68719476736) block_size:(1048576) current_header_num:(1) chunkratio:4096.
00:00:00.171875          vhdxOpen returns VINF_SUCCESS (pBackendData=0x00000002f48f60)
00:00:00.254693          WARNING [COM]: aRC=E_FAIL (0x80004005) aIID={e815c7d6-36b3-4bc5-a6c4-ad628cc0c432} aComponent={HostWrap} aText={Could not load the Host USB Proxy Service (VERR_FILE_NOT_FOUND). The service might not be installed on the host computer}, preserve=true  aResultDetail=0
