#0(I)[2022-10-13 12:32:59,434]{00002DEC}<NvContainer>      Container main v1.25
#1(I)[2022-10-13 12:32:59,434]{00002DEC}<NvContainer>      Telemetry API initialized
#2(I)[2022-10-13 12:32:59,434]{00002DEC}<NvcHost>          Base host initialized successfully
#3(I)[2022-10-13 12:32:59,434]{00002DEC}<NvcHostWin32>     Open parent process 00000000000001B8 for PID 1828
#4(I)[2022-10-13 12:32:59,434]{00002DEC}<NvcHostWin32>     Win32 host initialized successfully
#5(I)[2022-10-13 12:32:59,434]{00002DEC}<NvcHostWin32>     Use external event 'Global\NvContainer1828-session1-c:_windows_system32_driverstore_filerepository_nvacegpu.inf_amd64_efe127e721dd1bb8_display.nvcontainer_plugins_session' for quitting
#6(I)[2022-10-13 12:32:59,434]{00002DEC}<NvcHost>          Load plugins from C:\Windows\System32\DriverStore\FileRepository\nvacegpu.inf_amd64_efe127e721dd1bb8\Display.NvContainer\plugins\Session
#7(I)[2022-10-13 12:32:59,434]{00000B9C}<NvcHostWin32>     Parent process tracking thread started with timeout: 4294967295
#8(I)[2022-10-13 12:32:59,434]{00002DEC}<NvcPluginManager> Loading C:\Windows\System32\DriverStore\FileRepository\nvacegpu.inf_amd64_efe127e721dd1bb8\Display.NvContainer\plugins\Session/NvFBCPlugin.dll
#9(W)[2022-10-13 12:32:59,434]{00002DEC}<NvcJsonFileStora> Failed to load JSON from C:\Windows\System32\DriverStore\FileRepository\nvacegpu.inf_amd64_efe127e721dd1bb8\Display.NvContainer\plugins\Session/NvFBCPlugin.json
#0(W)[2022-10-13 12:32:59,434]{00002DEC}<NvcRegistryStora> Failed to initialize RegistryStorage with status 2
#1(I)[2022-10-13 12:32:59,465]{00002DEC}<NvcPluginLoadHel> Secure loading C:\Windows\System32\DriverStore\FileRepository\nvacegpu.inf_amd64_efe127e721dd1bb8\Display.NvContainer\plugins\Session/NvFBCPlugin.dll - 6.14.14.5167 at 00007FFA04320000 took 31243 microseconds
#2(I)[2022-10-13 12:32:59,465]{00002DEC}<NvcPluginManager> Loaded C:\Windows\System32\DriverStore\FileRepository\nvacegpu.inf_amd64_efe127e721dd1bb8\Display.NvContainer\plugins\Session/NvFBCPlugin.dll
#3(I)[2022-10-13 12:32:59,465]{00002DEC}<NvcPluginManager> Loaded mandatory plugin NvFBCPlugin, version 1
#4(I)[2022-10-13 12:32:59,465]{00002DEC}<NvcPluginManager> Loading C:\Windows\System32\DriverStore\FileRepository\nvacegpu.inf_amd64_efe127e721dd1bb8\Display.NvContainer\plugins\Session/nvprofileupdaterplugin.dll
#5(W)[2022-10-13 12:32:59,480]{00002DEC}<NvcJsonFileStora> Failed to load JSON from C:\Windows\System32\DriverStore\FileRepository\nvacegpu.inf_amd64_efe127e721dd1bb8\Display.NvContainer\plugins\Session/nvprofileupdaterplugin.json
#6(W)[2022-10-13 12:32:59,480]{00002DEC}<NvcRegistryStora> Failed to initialize RegistryStorage with status 2
#7(I)[2022-10-13 12:32:59,496]{00002DEC}<NvcPluginLoadHel> Secure loading C:\Windows\System32\DriverStore\FileRepository\nvacegpu.inf_amd64_efe127e721dd1bb8\Display.NvContainer\plugins\Session/nvprofileupdaterplugin.dll - 27.21.14.5167 at 00007FF9E8760000 took 15620 microseconds
#8(I)[2022-10-13 12:32:59,496]{00002DEC}<NvcPluginManager> Loaded C:\Windows\System32\DriverStore\FileRepository\nvacegpu.inf_amd64_efe127e721dd1bb8\Display.NvContainer\plugins\Session/nvprofileupdaterplugin.dll
#9(I)[2022-10-13 12:32:59,496]{00002DEC}<NvcPluginManager> Loaded mandatory plugin NvProfileUpdaterPlugin, version 1
#0(I)[2022-10-13 12:32:59,496]{00002DEC}<NvcPluginManager> Loading C:\Windows\System32\DriverStore\FileRepository\nvacegpu.inf_amd64_efe127e721dd1bb8\Display.NvContainer\plugins\Session/nvxdsyncplugin.dll
#1(W)[2022-10-13 12:32:59,496]{00002DEC}<NvcJsonFileStora> Failed to load JSON from C:\Windows\System32\DriverStore\FileRepository\nvacegpu.inf_amd64_efe127e721dd1bb8\Display.NvContainer\plugins\Session/nvxdsyncplugin.json
#2(W)[2022-10-13 12:32:59,496]{00002DEC}<NvcRegistryStora> Failed to initialize RegistryStorage with status 2
#3(I)[2022-10-13 12:32:59,512]{00002DEC}<NvcPluginLoadHel> Secure loading C:\Windows\System32\DriverStore\FileRepository\nvacegpu.inf_amd64_efe127e721dd1bb8\Display.NvContainer\plugins\Session/nvxdsyncplugin.dll - 8.17.14.5167 at 00007FF9E9630000 took 15622 microseconds
#4(I)[2022-10-13 12:32:59,512]{00002DEC}<NvcPluginManager> Loaded C:\Windows\System32\DriverStore\FileRepository\nvacegpu.inf_amd64_efe127e721dd1bb8\Display.NvContainer\plugins\Session/nvxdsyncplugin.dll
#5(I)[2022-10-13 12:32:59,512]{00002DEC}<NvcPluginManager> Loaded mandatory plugin NvXDSyncPlugin, version 1
#6(I)[2022-10-13 12:32:59,512]{00002DEC}<NvcPluginManager> Loading C:\Windows\System32\DriverStore\FileRepository\nvacegpu.inf_amd64_efe127e721dd1bb8\Display.NvContainer\plugins\Session/_nvppo.dll
#7(W)[2022-10-13 12:32:59,512]{00002DEC}<NvcJsonFileStora> Failed to load JSON from C:\Windows\System32\DriverStore\FileRepository\nvacegpu.inf_amd64_efe127e721dd1bb8\Display.NvContainer\plugins\Session/_nvppo.json
#8(W)[2022-10-13 12:32:59,512]{00002DEC}<NvcRegistryStora> Failed to initialize RegistryStorage with status 2
#9(I)[2022-10-13 12:32:59,527]{00002DEC}<NvcPluginLoadHel> Secure loading C:\Windows\System32\DriverStore\FileRepository\nvacegpu.inf_amd64_efe127e721dd1bb8\Display.NvContainer\plugins\Session/_nvppo.dll - 27.21.14.5167 at 00007FFA06770000 took 15621 microseconds
#0(I)[2022-10-13 12:32:59,527]{00002DEC}<NvcPluginManager> Loaded C:\Windows\System32\DriverStore\FileRepository\nvacegpu.inf_amd64_efe127e721dd1bb8\Display.NvContainer\plugins\Session/_nvppo.dll
#1(I)[2022-10-13 12:32:59,527]{00002DEC}<NvcPluginManager> Loaded optional plugin AutoFL_Plugin, version 1
#2(I)[2022-10-13 12:32:59,527]{00002DEC}<NvcHost>          Creating directory listener to represent current folder state
#3(I)[2022-10-13 12:32:59,527]{00002DEC}<DirectoryListene> Adding directory C:\Windows\System32\DriverStore\FileRepository\nvacegpu.inf_amd64_efe127e721dd1bb8\Display.NvContainer\plugins\Session.
#4(I)[2022-10-13 12:32:59,527]{00002DEC}<NvcHost>          Successfully updated directory change listener
#5(I)[2022-10-13 12:32:59,527]{00002DEC}<NvcHost>          Container is initializing
#6(I)[2022-10-13 12:32:59,527]{00002DEC}<NvcPluginManager> Initiate transition to Initializing state for NvFBCPlugin
#7(I)[2022-10-13 12:32:59,527]{00002DEC}<NvcPluginManager> Transition to Initialized state for NvFBCPlugin completed
#8(I)[2022-10-13 12:32:59,527]{00002DEC}<NvcPluginManager> Initiate transition to Initializing state for NvProfileUpdaterPlugin
#9(I)[2022-10-13 12:32:59,543]{00002DEC}<NvcPluginManager> Transition to Initialized state for NvProfileUpdaterPlugin completed
#0(I)[2022-10-13 12:32:59,543]{00002DEC}<NvcPluginManager> Initiate transition to Initializing state for NvXDSyncPlugin
#1(I)[2022-10-13 12:32:59,543]{00002DEC}<NvcPluginManager> Transition to Initialized state for NvXDSyncPlugin completed
#2(I)[2022-10-13 12:32:59,543]{00002DEC}<NvcPluginManager> Initiate transition to Initializing state for AutoFL_Plugin
#3(I)[2022-10-13 12:32:59,543]{00002DEC}<NvcPluginManager> Transition to Initialized state for AutoFL_Plugin completed
#4(I)[2022-10-13 12:32:59,543]{00002DEC}<NvcHost>          Container is initialized with 1. State: normal
#5(I)[2022-10-13 12:32:59,543]{00002DEC}<NvcHost>          Base host core
#6(I)[2022-10-13 12:32:59,543]{00002DEC}<NvcHost>          Container is starting
#7(I)[2022-10-13 12:32:59,543]{00002DEC}<NvcPluginManager> Initiate transition to Starting state for NvFBCPlugin
#8(I)[2022-10-13 12:32:59,543]{00002DEC}<NvcPluginManager> NvcPluginLoadStats for 'NvFBCPlugin' => LibraryLoadTime = 31243 us, ImageLoadTime = 0 us, AbsLibraryLoadTime = 31243, InitializeProcTime = 0 us, InitializeTimeTotal = 0 us, StartProcTime = 0 us, StartTimeTotal = 0 us. 
#9(I)[2022-10-13 12:32:59,543]{00002DEC}<NvcTelemetryHelp> NvcPluginLoadStats for NvFBCPlugin returned 1
#0(I)[2022-10-13 12:32:59,543]{00002DEC}<NvcPluginManager> Transition to Started state for NvFBCPlugin completed
#1(I)[2022-10-13 12:32:59,543]{00002DEC}<NvcPluginManager> Initiate transition to Starting state for NvProfileUpdaterPlugin
#2(I)[2022-10-13 12:32:59,543]{00002DEC}<NvcPluginManager> NvcPluginLoadStats for 'NvProfileUpdaterPlugin' => LibraryLoadTime = 15620 us, ImageLoadTime = 0 us, AbsLibraryLoadTime = 15620, InitializeProcTime = 15623 us, InitializeTimeTotal = 15623 us, StartProcTime = 0 us, StartTimeTotal = 0 us. 
#3(I)[2022-10-13 12:32:59,543]{00002DEC}<NvcTelemetryHelp> NvcPluginLoadStats for NvProfileUpdaterPlugin returned 1
#4(I)[2022-10-13 12:32:59,543]{00002DEC}<NvcPluginManager> Transition to Started state for NvProfileUpdaterPlugin completed
#5(I)[2022-10-13 12:32:59,543]{00002DEC}<NvcPluginManager> Initiate transition to Starting state for NvXDSyncPlugin
#6(I)[2022-10-13 12:32:59,543]{00002DEC}<NvcPluginManager> Transition to Starting state for NvXDSyncPlugin is in progress
#7(I)[2022-10-13 12:32:59,543]{00002DEC}<NvcPluginManager> Initiate transition to Starting state for AutoFL_Plugin
#8(I)[2022-10-13 12:32:59,543]{00002DEC}<NvcPluginManager> NvcPluginLoadStats for 'AutoFL_Plugin' => LibraryLoadTime = 15621 us, ImageLoadTime = 0 us, AbsLibraryLoadTime = 15621, InitializeProcTime = 0 us, InitializeTimeTotal = 0 us, StartProcTime = 0 us, StartTimeTotal = 0 us. 
#9(I)[2022-10-13 12:32:59,543]{00002DEC}<NvcTelemetryHelp> NvcPluginLoadStats for AutoFL_Plugin returned 1
#0(I)[2022-10-13 12:32:59,543]{00002DEC}<NvcPluginManager> Transition to Started state for AutoFL_Plugin completed
#1(I)[2022-10-13 12:32:59,590]{00001FA4}<NvcPluginManager> Notification 1 / 0000000000000000 from NvXDSyncPlugin
#2(I)[2022-10-13 12:32:59,590]{00001FA4}<NvcPluginManager> NvcPluginLoadStats for 'NvXDSyncPlugin' => LibraryLoadTime = 15622 us, ImageLoadTime = 0 us, AbsLibraryLoadTime = 15622, InitializeProcTime = 0 us, InitializeTimeTotal = 0 us, StartProcTime = 0 us, StartTimeTotal = 46864 us. 
#3(I)[2022-10-13 12:32:59,590]{00001FA4}<NvcTelemetryHelp> NvcPluginLoadStats for NvXDSyncPlugin returned 1
#4(I)[2022-10-13 12:32:59,590]{00001FA4}<NvcPluginManager> Transition to Started state for NvXDSyncPlugin completed
#5(I)[2022-10-13 12:32:59,590]{00002DEC}<NvcHost>          Container is started with 1. State: normal
#6(I)[2022-10-13 12:32:59,590]{00002DEC}<NvcTelemetryHelp> NvcLoadStats => LibraryLoadTime = 93728 us, InitializeTime = 15623 us, StartTime = 46864 us, TotalLoadTime = 168996 us
#7(I)[2022-10-13 12:32:59,590]{00002DEC}<NvcTelemetryHelp> NvcLoadStats returned 1
#8(I)[2022-10-13 12:33:12,040]{00002DEC}<NvcUserAppHost>   Received WM_ENDSESSION message: wparam=1, lparam=0x40000000
#9(I)[2022-10-13 12:33:12,040]{00002DEC}<NvcUserAppHost>   Exiting on WM_ENDSESSION message
#0(I)[2022-10-13 12:33:12,040]{00002DEC}<NvcHost>          Base host: NVC_MID_EXIT_REBOOT_INITIATED message
#1(I)[2022-10-13 12:33:12,040]{00002DEC}<NvcHost>          Stopping plugins with status 'Any'
#2(I)[2022-10-13 12:33:12,040]{00002DEC}<NvcPluginManager> Initiate transition to Stopping state for AutoFL_Plugin
#3(I)[2022-10-13 12:33:12,040]{00002DEC}<NvcPluginManager> Transition to Stopped state for AutoFL_Plugin completed
#4(I)[2022-10-13 12:33:12,040]{00002DEC}<NvcPluginManager> Initiate transition to Stopping state for NvXDSyncPlugin
#5(I)[2022-10-13 12:33:12,040]{00002DEC}<NvcPluginManager> Transition to Stopping state for NvXDSyncPlugin is in progress
#6(I)[2022-10-13 12:33:12,040]{00002DEC}<NvcPluginManager> Initiate transition to Stopping state for NvProfileUpdaterPlugin
#7(I)[2022-10-13 12:33:12,040]{00002DEC}<NvcPluginManager> Transition to Stopped state for NvProfileUpdaterPlugin completed
#8(I)[2022-10-13 12:33:12,040]{00002DEC}<NvcPluginManager> Initiate transition to Stopping state for NvFBCPlugin
#9(I)[2022-10-13 12:33:12,040]{00002DEC}<NvcPluginManager> Transition to Stopped state for NvFBCPlugin completed
