#0(I)[2022-10-09 12:35:32,504]{00000B54}<NvContainer>      Container main v1.25
#1(I)[2022-10-09 12:35:32,504]{00000B54}<NvContainer>      Telemetry API initialized
#2(I)[2022-10-09 12:35:32,504]{00000B54}<NvcHost>          Base host initialized successfully
#3(I)[2022-10-09 12:35:32,519]{00000B54}<NvcHostWin32>     Open parent process 00000000000001BC for PID 2336
#4(I)[2022-10-09 12:35:32,519]{00000B54}<NvcHostWin32>     Win32 host initialized successfully
#5(I)[2022-10-09 12:35:32,519]{00000B54}<NvcHostWin32>     Use external event 'Global\NvContainer2336-session8-c:_windows_system32_driverstore_filerepository_nvacegpu.inf_amd64_efe127e721dd1bb8_display.nvcontainer_plugins_session' for quitting
#6(I)[2022-10-09 12:35:32,519]{00000B54}<NvcHost>          Load plugins from C:\Windows\System32\DriverStore\FileRepository\nvacegpu.inf_amd64_efe127e721dd1bb8\Display.NvContainer\plugins\Session
#7(I)[2022-10-09 12:35:32,519]{00002550}<NvcHostWin32>     Parent process tracking thread started with timeout: 4294967295
#8(I)[2022-10-09 12:35:32,519]{00000B54}<NvcPluginManager> Loading C:\Windows\System32\DriverStore\FileRepository\nvacegpu.inf_amd64_efe127e721dd1bb8\Display.NvContainer\plugins\Session/NvFBCPlugin.dll
#9(W)[2022-10-09 12:35:32,519]{00000B54}<NvcJsonFileStora> Failed to load JSON from C:\Windows\System32\DriverStore\FileRepository\nvacegpu.inf_amd64_efe127e721dd1bb8\Display.NvContainer\plugins\Session/NvFBCPlugin.json
#0(W)[2022-10-09 12:35:32,519]{00000B54}<NvcRegistryStora> Failed to initialize RegistryStorage with status 2
#1(I)[2022-10-09 12:35:32,551]{00000B54}<NvcPluginLoadHel> Secure loading C:\Windows\System32\DriverStore\FileRepository\nvacegpu.inf_amd64_efe127e721dd1bb8\Display.NvContainer\plugins\Session/NvFBCPlugin.dll - 6.14.14.5167 at 00007FFD602D0000 took 31243 microseconds
#2(I)[2022-10-09 12:35:32,551]{00000B54}<NvcPluginManager> Loaded C:\Windows\System32\DriverStore\FileRepository\nvacegpu.inf_amd64_efe127e721dd1bb8\Display.NvContainer\plugins\Session/NvFBCPlugin.dll
#3(I)[2022-10-09 12:35:32,551]{00000B54}<NvcPluginManager> Loaded mandatory plugin NvFBCPlugin, version 1
#4(I)[2022-10-09 12:35:32,551]{00000B54}<NvcPluginManager> Loading C:\Windows\System32\DriverStore\FileRepository\nvacegpu.inf_amd64_efe127e721dd1bb8\Display.NvContainer\plugins\Session/nvprofileupdaterplugin.dll
#5(W)[2022-10-09 12:35:32,551]{00000B54}<NvcJsonFileStora> Failed to load JSON from C:\Windows\System32\DriverStore\FileRepository\nvacegpu.inf_amd64_efe127e721dd1bb8\Display.NvContainer\plugins\Session/nvprofileupdaterplugin.json
#6(W)[2022-10-09 12:35:32,551]{00000B54}<NvcRegistryStora> Failed to initialize RegistryStorage with status 2
#7(I)[2022-10-09 12:35:32,566]{00000B54}<NvcPluginLoadHel> Secure loading C:\Windows\System32\DriverStore\FileRepository\nvacegpu.inf_amd64_efe127e721dd1bb8\Display.NvContainer\plugins\Session/nvprofileupdaterplugin.dll - 27.21.14.5167 at 00007FFD5FD40000 took 15622 microseconds
#8(I)[2022-10-09 12:35:32,566]{00000B54}<NvcPluginManager> Loaded C:\Windows\System32\DriverStore\FileRepository\nvacegpu.inf_amd64_efe127e721dd1bb8\Display.NvContainer\plugins\Session/nvprofileupdaterplugin.dll
#9(I)[2022-10-09 12:35:32,566]{00000B54}<NvcPluginManager> Loaded mandatory plugin NvProfileUpdaterPlugin, version 1
#0(I)[2022-10-09 12:35:32,566]{00000B54}<NvcPluginManager> Loading C:\Windows\System32\DriverStore\FileRepository\nvacegpu.inf_amd64_efe127e721dd1bb8\Display.NvContainer\plugins\Session/nvxdsyncplugin.dll
#1(W)[2022-10-09 12:35:32,566]{00000B54}<NvcJsonFileStora> Failed to load JSON from C:\Windows\System32\DriverStore\FileRepository\nvacegpu.inf_amd64_efe127e721dd1bb8\Display.NvContainer\plugins\Session/nvxdsyncplugin.json
#2(W)[2022-10-09 12:35:32,566]{00000B54}<NvcRegistryStora> Failed to initialize RegistryStorage with status 2
#3(I)[2022-10-09 12:35:32,582]{00000B54}<NvcPluginLoadHel> Secure loading C:\Windows\System32\DriverStore\FileRepository\nvacegpu.inf_amd64_efe127e721dd1bb8\Display.NvContainer\plugins\Session/nvxdsyncplugin.dll - 8.17.14.5167 at 00007FFD5CED0000 took 15621 microseconds
#4(I)[2022-10-09 12:35:32,582]{00000B54}<NvcPluginManager> Loaded C:\Windows\System32\DriverStore\FileRepository\nvacegpu.inf_amd64_efe127e721dd1bb8\Display.NvContainer\plugins\Session/nvxdsyncplugin.dll
#5(I)[2022-10-09 12:35:32,582]{00000B54}<NvcPluginManager> Loaded mandatory plugin NvXDSyncPlugin, version 1
#6(I)[2022-10-09 12:35:32,582]{00000B54}<NvcPluginManager> Loading C:\Windows\System32\DriverStore\FileRepository\nvacegpu.inf_amd64_efe127e721dd1bb8\Display.NvContainer\plugins\Session/_nvppo.dll
#7(W)[2022-10-09 12:35:32,582]{00000B54}<NvcJsonFileStora> Failed to load JSON from C:\Windows\System32\DriverStore\FileRepository\nvacegpu.inf_amd64_efe127e721dd1bb8\Display.NvContainer\plugins\Session/_nvppo.json
#8(W)[2022-10-09 12:35:32,582]{00000B54}<NvcRegistryStora> Failed to initialize RegistryStorage with status 2
#9(I)[2022-10-09 12:35:32,598]{00000B54}<NvcPluginLoadHel> Secure loading C:\Windows\System32\DriverStore\FileRepository\nvacegpu.inf_amd64_efe127e721dd1bb8\Display.NvContainer\plugins\Session/_nvppo.dll - 27.21.14.5167 at 00007FFD5CD90000 took 15652 microseconds
#0(I)[2022-10-09 12:35:32,598]{00000B54}<NvcPluginManager> Loaded C:\Windows\System32\DriverStore\FileRepository\nvacegpu.inf_amd64_efe127e721dd1bb8\Display.NvContainer\plugins\Session/_nvppo.dll
#1(I)[2022-10-09 12:35:32,598]{00000B54}<NvcPluginManager> Loaded optional plugin AutoFL_Plugin, version 1
#2(I)[2022-10-09 12:35:32,598]{00000B54}<NvcHost>          Creating directory listener to represent current folder state
#3(I)[2022-10-09 12:35:32,598]{00000B54}<DirectoryListene> Adding directory C:\Windows\System32\DriverStore\FileRepository\nvacegpu.inf_amd64_efe127e721dd1bb8\Display.NvContainer\plugins\Session.
#4(I)[2022-10-09 12:35:32,598]{00000B54}<NvcHost>          Successfully updated directory change listener
#5(I)[2022-10-09 12:35:32,598]{00000B54}<NvcHost>          Container is initializing
#6(I)[2022-10-09 12:35:32,598]{00000B54}<NvcPluginManager> Initiate transition to Initializing state for NvFBCPlugin
#7(I)[2022-10-09 12:35:32,598]{00000B54}<NvcPluginManager> Transition to Initialized state for NvFBCPlugin completed
#8(I)[2022-10-09 12:35:32,598]{00000B54}<NvcPluginManager> Initiate transition to Initializing state for NvProfileUpdaterPlugin
#9(I)[2022-10-09 12:35:32,598]{00000B54}<NvcPluginManager> Transition to Initialized state for NvProfileUpdaterPlugin completed
#0(I)[2022-10-09 12:35:32,598]{00000B54}<NvcPluginManager> Initiate transition to Initializing state for NvXDSyncPlugin
#1(I)[2022-10-09 12:35:32,598]{00000B54}<NvcPluginManager> Transition to Initialized state for NvXDSyncPlugin completed
#2(I)[2022-10-09 12:35:32,598]{00000B54}<NvcPluginManager> Initiate transition to Initializing state for AutoFL_Plugin
#3(I)[2022-10-09 12:35:32,598]{00000B54}<NvcPluginManager> Transition to Initialized state for AutoFL_Plugin completed
#4(I)[2022-10-09 12:35:32,598]{00000B54}<NvcHost>          Container is initialized with 1. State: normal
#5(I)[2022-10-09 12:35:32,598]{00000B54}<NvcHost>          Base host core
#6(I)[2022-10-09 12:35:32,598]{00000B54}<NvcHost>          Container is starting
#7(I)[2022-10-09 12:35:32,598]{00000B54}<NvcPluginManager> Initiate transition to Starting state for NvFBCPlugin
#8(I)[2022-10-09 12:35:32,598]{00000B54}<NvcPluginManager> NvcPluginLoadStats for 'NvFBCPlugin' => LibraryLoadTime = 31243 us, ImageLoadTime = 0 us, AbsLibraryLoadTime = 31243, InitializeProcTime = 0 us, InitializeTimeTotal = 0 us, StartProcTime = 0 us, StartTimeTotal = 0 us. 
#9(I)[2022-10-09 12:35:32,598]{00000B54}<NvcTelemetryHelp> NvcPluginLoadStats for NvFBCPlugin returned 1
#0(I)[2022-10-09 12:35:32,598]{00000B54}<NvcPluginManager> Transition to Started state for NvFBCPlugin completed
#1(I)[2022-10-09 12:35:32,598]{00000B54}<NvcPluginManager> Initiate transition to Starting state for NvProfileUpdaterPlugin
#2(I)[2022-10-09 12:35:32,598]{00000B54}<NvcPluginManager> NvcPluginLoadStats for 'NvProfileUpdaterPlugin' => LibraryLoadTime = 15622 us, ImageLoadTime = 0 us, AbsLibraryLoadTime = 15622, InitializeProcTime = 0 us, InitializeTimeTotal = 0 us, StartProcTime = 0 us, StartTimeTotal = 0 us. 
#3(I)[2022-10-09 12:35:32,598]{00000B54}<NvcTelemetryHelp> NvcPluginLoadStats for NvProfileUpdaterPlugin returned 1
#4(I)[2022-10-09 12:35:32,598]{00000B54}<NvcPluginManager> Transition to Started state for NvProfileUpdaterPlugin completed
#5(I)[2022-10-09 12:35:32,598]{00000B54}<NvcPluginManager> Initiate transition to Starting state for NvXDSyncPlugin
#6(I)[2022-10-09 12:35:32,598]{00000B54}<NvcPluginManager> Transition to Starting state for NvXDSyncPlugin is in progress
#7(I)[2022-10-09 12:35:32,598]{00000B54}<NvcPluginManager> Initiate transition to Starting state for AutoFL_Plugin
#8(I)[2022-10-09 12:35:32,598]{00000B54}<NvcPluginManager> NvcPluginLoadStats for 'AutoFL_Plugin' => LibraryLoadTime = 15652 us, ImageLoadTime = 0 us, AbsLibraryLoadTime = 15652, InitializeProcTime = 0 us, InitializeTimeTotal = 0 us, StartProcTime = 0 us, StartTimeTotal = 0 us. 
#9(I)[2022-10-09 12:35:32,598]{00000B54}<NvcTelemetryHelp> NvcPluginLoadStats for AutoFL_Plugin returned 1
#0(I)[2022-10-09 12:35:32,598]{00000B54}<NvcPluginManager> Transition to Started state for AutoFL_Plugin completed
#1(I)[2022-10-09 12:35:32,629]{000039BC}<NvcPluginManager> Notification 1 / 0000000000000000 from NvXDSyncPlugin
#2(I)[2022-10-09 12:35:32,629]{000039BC}<NvcPluginManager> NvcPluginLoadStats for 'NvXDSyncPlugin' => LibraryLoadTime = 15621 us, ImageLoadTime = 0 us, AbsLibraryLoadTime = 15621, InitializeProcTime = 0 us, InitializeTimeTotal = 0 us, StartProcTime = 0 us, StartTimeTotal = 31211 us. 
#3(I)[2022-10-09 12:35:32,629]{000039BC}<NvcTelemetryHelp> NvcPluginLoadStats for NvXDSyncPlugin returned 1
#4(I)[2022-10-09 12:35:32,629]{000039BC}<NvcPluginManager> Transition to Started state for NvXDSyncPlugin completed
#5(I)[2022-10-09 12:35:32,629]{00000B54}<NvcHost>          Container is started with 1. State: normal
#6(I)[2022-10-09 12:35:32,629]{00000B54}<NvcTelemetryHelp> NvcLoadStats => LibraryLoadTime = 78138 us, InitializeTime = 0 us, StartTime = 31211 us, TotalLoadTime = 165858 us
#7(I)[2022-10-09 12:35:32,629]{00000B54}<NvcTelemetryHelp> NvcLoadStats returned 1
#8(I)[2022-10-09 12:35:32,629]{00000B54}<NvcHost>          Base host: Power SUSPEND message
#9(I)[2022-10-09 12:35:32,629]{00000B54}<NvcHost>          Container is suspending
#0(I)[2022-10-09 12:35:32,629]{00000B54}<NvcPluginManager> Initiate transition to Suspending state for AutoFL_Plugin
#1(I)[2022-10-09 12:35:32,629]{00000B54}<NvcPluginManager> Transition to Suspended state for AutoFL_Plugin completed
#2(I)[2022-10-09 12:35:32,629]{00000B54}<NvcPluginManager> Initiate transition to Suspending state for NvXDSyncPlugin
#3(I)[2022-10-09 12:35:32,629]{00000B54}<NvcPluginManager> Transition to Suspended state for NvXDSyncPlugin completed
#4(I)[2022-10-09 12:35:32,629]{00000B54}<NvcPluginManager> Transition to Suspended state for NvProfileUpdaterPlugin completed
#5(I)[2022-10-09 12:35:32,629]{00000B54}<NvcPluginManager> Initiate transition to Suspending state for NvFBCPlugin
#6(I)[2022-10-09 12:35:32,629]{00000B54}<NvcPluginManager> Transition to Suspended state for NvFBCPlugin completed
#7(I)[2022-10-09 12:35:32,629]{00000B54}<NvcHost>          Container is suspended. State: normal
#8(I)[2022-10-10 08:14:27,127]{00000B54}<NvcHost>          Base host: Power RESUME message
#9(I)[2022-10-10 08:14:27,127]{00000B54}<NvcHost>          Container is resuming
#0(I)[2022-10-10 08:14:27,127]{00000B54}<NvcPluginManager> Initiate transition to Starting state for NvFBCPlugin
#1(I)[2022-10-10 08:14:27,127]{00000B54}<NvcPluginManager> Transition to Started state for NvFBCPlugin completed
#2(I)[2022-10-10 08:14:27,127]{00000B54}<NvcPluginManager> Transition to Started state for NvProfileUpdaterPlugin completed
#3(I)[2022-10-10 08:14:27,127]{00000B54}<NvcPluginManager> Initiate transition to Starting state for NvXDSyncPlugin
#4(I)[2022-10-10 08:14:27,127]{00000B54}<NvcPluginManager> Transition to Started state for NvXDSyncPlugin completed
#5(I)[2022-10-10 08:14:27,127]{00000B54}<NvcPluginManager> Initiate transition to Starting state for AutoFL_Plugin
#6(I)[2022-10-10 08:14:27,146]{00000B54}<NvcPluginManager> NvcPluginResumeStats for 'AutoFL_Plugin' => SuspendProcTime = 0 us, SuspendTimeTotal = 0 us, ResumeProcTime = 19206 us, ResumeTimeTotal = 19206 us 
#7(I)[2022-10-10 08:14:27,146]{00000B54}<NvcTelemetryHelp> NvcPluginResumeStats for AutoFL_Plugin returned 1
#8(I)[2022-10-10 08:14:27,153]{00000B54}<NvcPluginManager> Transition to Started state for AutoFL_Plugin completed
#9(I)[2022-10-10 08:14:27,178]{00000B54}<NvcHost>          Container is resumed with 1. State: normal
#0(I)[2022-10-10 13:09:52,164]{00000B54}<NvcHost>          Base host: Power SUSPEND message
#1(I)[2022-10-10 13:09:52,164]{00000B54}<NvcHost>          Container is suspending
#2(I)[2022-10-10 13:09:52,164]{00000B54}<NvcPluginManager> Initiate transition to Suspending state for AutoFL_Plugin
#3(I)[2022-10-10 13:09:52,164]{00000B54}<NvcPluginManager> Transition to Suspended state for AutoFL_Plugin completed
#4(I)[2022-10-10 13:09:52,164]{00000B54}<NvcPluginManager> Initiate transition to Suspending state for NvXDSyncPlugin
#5(I)[2022-10-10 13:09:52,164]{00000B54}<NvcPluginManager> Transition to Suspended state for NvXDSyncPlugin completed
#6(I)[2022-10-10 13:09:52,164]{00000B54}<NvcPluginManager> Transition to Suspended state for NvProfileUpdaterPlugin completed
#7(I)[2022-10-10 13:09:52,164]{00000B54}<NvcPluginManager> Initiate transition to Suspending state for NvFBCPlugin
#8(I)[2022-10-10 13:09:52,164]{00000B54}<NvcPluginManager> Transition to Suspended state for NvFBCPlugin completed
#9(I)[2022-10-10 13:09:52,164]{00000B54}<NvcHost>          Container is suspended. State: normal
#0(I)[2022-10-11 07:59:34,996]{00000B54}<NvcHost>          Base host: Power RESUME message
#1(I)[2022-10-11 07:59:34,996]{00000B54}<NvcHost>          Container is resuming
#2(I)[2022-10-11 07:59:34,996]{00000B54}<NvcPluginManager> Initiate transition to Starting state for NvFBCPlugin
#3(I)[2022-10-11 07:59:34,997]{00000B54}<NvcPluginManager> Transition to Started state for NvFBCPlugin completed
#4(I)[2022-10-11 07:59:35,022]{00000B54}<NvcPluginManager> Transition to Started state for NvProfileUpdaterPlugin completed
#5(I)[2022-10-11 07:59:35,022]{00000B54}<NvcPluginManager> Initiate transition to Starting state for NvXDSyncPlugin
#6(I)[2022-10-11 07:59:35,039]{00000B54}<NvcPluginManager> NvcPluginResumeStats for 'NvXDSyncPlugin' => SuspendProcTime = 0 us, SuspendTimeTotal = 0 us, ResumeProcTime = 17463 us, ResumeTimeTotal = 17463 us 
#7(I)[2022-10-11 07:59:35,039]{00000B54}<NvcTelemetryHelp> NvcPluginResumeStats for NvXDSyncPlugin returned 1
#8(I)[2022-10-11 07:59:35,041]{00000B54}<NvcPluginManager> Transition to Started state for NvXDSyncPlugin completed
#9(I)[2022-10-11 07:59:35,041]{00000B54}<NvcPluginManager> Initiate transition to Starting state for AutoFL_Plugin
#0(I)[2022-10-11 07:59:35,043]{00000B54}<NvcPluginManager> NvcPluginResumeStats for 'AutoFL_Plugin' => SuspendProcTime = 0 us, SuspendTimeTotal = 0 us, ResumeProcTime = 1995 us, ResumeTimeTotal = 1995 us 
#1(I)[2022-10-11 07:59:35,044]{00000B54}<NvcTelemetryHelp> NvcPluginResumeStats for AutoFL_Plugin returned 1
#2(I)[2022-10-11 07:59:35,045]{00000B54}<NvcPluginManager> Transition to Started state for AutoFL_Plugin completed
#3(I)[2022-10-11 07:59:35,121]{00000B54}<NvcHost>          Container is resumed with 1. State: normal
#4(I)[2022-10-11 08:05:41,166]{00000B54}<NvcUserAppHost>   Received WM_ENDSESSION message: wparam=1, lparam=0x0
#5(I)[2022-10-11 08:05:41,166]{00000B54}<NvcUserAppHost>   Exiting on WM_ENDSESSION message
#6(I)[2022-10-11 08:05:41,166]{00000B54}<NvcHost>          Base host: NVC_MID_EXIT_REBOOT_INITIATED message
#7(I)[2022-10-11 08:05:41,166]{00000B54}<NvcHost>          Stopping plugins with status 'Any'
#8(I)[2022-10-11 08:05:41,166]{00000B54}<NvcPluginManager> Initiate transition to Stopping state for AutoFL_Plugin
#9(I)[2022-10-11 08:05:41,170]{00000B54}<NvcPluginManager> Transition to Stopped state for AutoFL_Plugin completed
#0(I)[2022-10-11 08:05:41,170]{00000B54}<NvcPluginManager> Initiate transition to Stopping state for NvXDSyncPlugin
#1(I)[2022-10-11 08:05:41,170]{00000B54}<NvcPluginManager> Transition to Stopping state for NvXDSyncPlugin is in progress
#2(I)[2022-10-11 08:05:41,170]{00000B54}<NvcPluginManager> Initiate transition to Stopping state for NvProfileUpdaterPlugin
#3(I)[2022-10-11 08:05:41,207]{00000B54}<NvcPluginManager> Transition to Stopped state for NvProfileUpdaterPlugin completed
#4(I)[2022-10-11 08:05:41,207]{00000B54}<NvcPluginManager> Initiate transition to Stopping state for NvFBCPlugin
#5(I)[2022-10-11 08:05:41,211]{00000B54}<NvcPluginManager> Transition to Stopped state for NvFBCPlugin completed
