1016-15:14:12.277 0D18 Starting logging.
1016-15:14:12.277 0D18 Initialization complete.
1016-15:14:12.280 0D18 Entering NvProfileUpdaterPlugin_Start
1016-15:14:12.280 0D18 Device notification registered.
1016-15:14:12.280 0D18 Exiting NvProfileUpdaterPlugin_Start
1016-15:14:12.280 2254 Waiting for global mutex... #0
1016-15:14:12.280 2254 Mutex is acquired.
1016-15:14:12.280 2254 Loading NvAPI to check if driver is working...
1016-15:14:12.280 2254 Driver version: 45167
1016-15:14:12.281 2254 Driver branch: r451_65
1016-15:14:12.281 2254 First run was already done, skipping first run activities.
1016-15:14:12.281 2254 Performing startup update check
1016-15:14:12.281 2254 Waiting for global mutex... #0
1016-15:14:12.281 2254 Mutex is acquired.
1016-15:14:12.281 2254 Loading NvAPI...
1016-15:14:12.281 2254 Driver version: 45167
1016-15:14:12.281 2254 Driver branch: r451_65
1016-15:14:12.281 2254 GFE is installed: 0
1016-15:14:12.291 2254 GPU [256] flag NVSupportOptimus was not found.
1016-15:14:12.298 2254 GPU [256] flag NvSupportMSHybrid: 1
1016-15:14:12.299 2254 GPU [256] coproc status: 1
1016-15:14:12.305 2254 GPU [256] flag NVSupportDisplayUpdate: 1
1016-15:14:12.305 2254 OptimusSystem: 1
1016-15:14:12.305 2254 NVSupportDisplayUpdate: 1
1016-15:14:12.305 2254 Checking for OPTIMUS updates
1016-15:14:12.305 2254 Going to apply Optimus update C:\ProgramData\NVIDIA Corporation\NvProfileUpdaterPlugin\optimus\update.dat
1016-15:14:12.845 2254 NvUpdateWhiteList finished
1016-15:14:12.891 2254 Going to use URL: https://services.gfe.nvidia.com/GFE/v1.0/profiles/Optimus?{"branch":"r451_65"}
1016-15:14:13.627 2254 HTTP response code: 200
1016-15:14:13.627 2254 Downloaded metadata: {"md5":"cd49be58d95a60600954e87cc3ea6821","sha256":"e478c9699129548cc93647fb898802faf772c6b1e8e9ed1db06d1c12a2c18da6","size":908303,"url":"http://download.gfe.nvidia.com/GFE/profiles/Optimus/Version2/31929862/nvcoproc.bin.gz","version":"31929862"}
1016-15:14:13.627 2254 Metadata parsed.
1016-15:14:13.627 2254 Both old and new metadata have the same version 31929862
1016-15:14:13.627 2254 Checking for DRS updates
1016-15:14:13.627 2254 Going to merge DRS update C:\ProgramData\NVIDIA Corporation\NvProfileUpdaterPlugin\drs\update.dat
1016-15:14:13.627 2254 "C:\Windows\System32\DriverStore\FileRepository\nvacegpu.inf_amd64_efe127e721dd1bb8\dbInstaller.exe" -update C:\ProgramData\NVIDIA Corporation\NvProfileUpdaterPlugin\drs\update.dat
1016-15:14:13.852 2254 dbInstaller finished with code 1
1016-15:14:13.852 2254 Going to use URL: https://services.gfe.nvidia.com/GFE/v1.0/profiles/DRS?{"branch":"r451_65"}
1016-15:14:14.095 2254 HTTP response code: 200
1016-15:14:14.095 2254 Downloaded metadata: {"md5":"8d3f736b82546c343c0cf72b939a5c0f","sha256":"6651e28c7952675b9690104640048380a458fe752979a5ef45cbe0b99919d06d","size":250,"url":"http://download.gfe.nvidia.com/GFE/profiles/DRS/r451_65/28845482/update.bin.gz","version":"28845482"}
1016-15:14:14.095 2254 Metadata parsed.
1016-15:14:14.095 2254 Both old and new metadata have the same version 28845482
1016-15:14:14.095 2254 Waiting for next check or notification for 1440 minutes...
