1008-23:55:09.117 3A54 Starting logging.
1008-23:55:09.117 3A54 Initialization complete.
1008-23:55:09.120 3A54 Entering NvProfileUpdaterPlugin_Start
1008-23:55:09.120 3A54 Device notification registered.
1008-23:55:09.120 3A54 Exiting NvProfileUpdaterPlugin_Start
1008-23:55:09.120 30D8 Waiting for global mutex... #0
1008-23:55:09.120 30D8 Mutex is acquired.
1008-23:55:09.120 30D8 Loading NvAPI to check if driver is working...
1008-23:55:09.121 30D8 Driver version: 45167
1008-23:55:09.121 30D8 Driver branch: r451_65
1008-23:55:09.121 30D8 First run was already done, skipping first run activities.
1008-23:55:09.121 30D8 Performing startup update check
1008-23:55:09.121 30D8 Waiting for global mutex... #0
1008-23:55:09.121 30D8 Mutex is acquired.
1008-23:55:09.121 30D8 Loading NvAPI...
1008-23:55:09.121 30D8 Driver version: 45167
1008-23:55:09.121 30D8 Driver branch: r451_65
1008-23:55:09.121 30D8 GFE is installed: 0
1008-23:55:09.169 30D8 GPU [256] flag NVSupportOptimus was not found.
1008-23:55:09.175 30D8 GPU [256] flag NvSupportMSHybrid: 1
1008-23:55:09.278 30D8 GPU [256] coproc status: 1
1008-23:55:09.284 30D8 GPU [256] flag NVSupportDisplayUpdate: 1
1008-23:55:09.284 30D8 OptimusSystem: 1
1008-23:55:09.284 30D8 NVSupportDisplayUpdate: 1
1008-23:55:09.284 30D8 Checking for OPTIMUS updates
1008-23:55:09.288 30D8 Going to apply Optimus update C:\ProgramData\NVIDIA Corporation\NvProfileUpdaterPlugin\optimus\update.dat
1008-23:55:10.038 30D8 NvUpdateWhiteList finished
1008-23:55:10.082 30D8 Going to use URL: https://services.gfe.nvidia.com/GFE/v1.0/profiles/Optimus?{"branch":"r451_65"}
1008-23:55:10.528 30D8 HTTP response code: 200
1008-23:55:10.528 30D8 Downloaded metadata: {"md5":"890a0f366bf62aa974b6867bbf5c9dee","sha256":"3afcdf997e760d399e1690fa077bd015f0416268d5e2daba6db379a1b873cf33","size":907838,"url":"http://download.gfe.nvidia.com/GFE/profiles/Optimus/Version2/31831295/nvcoproc.bin.gz","version":"31831295"}
1008-23:55:10.528 30D8 Metadata parsed.
1008-23:55:10.528 30D8 Both old and new metadata have the same version 31831295
1008-23:55:10.528 30D8 Checking for DRS updates
1008-23:55:10.531 30D8 Going to merge DRS update C:\ProgramData\NVIDIA Corporation\NvProfileUpdaterPlugin\drs\update.dat
1008-23:55:10.531 30D8 "C:\Windows\System32\DriverStore\FileRepository\nvacegpu.inf_amd64_efe127e721dd1bb8\dbInstaller.exe" -update C:\ProgramData\NVIDIA Corporation\NvProfileUpdaterPlugin\drs\update.dat
1008-23:55:10.758 30D8 dbInstaller finished with code 1
1008-23:55:10.758 30D8 Going to use URL: https://services.gfe.nvidia.com/GFE/v1.0/profiles/DRS?{"branch":"r451_65"}
1008-23:55:11.166 30D8 HTTP response code: 200
1008-23:55:11.166 30D8 Downloaded metadata: {"md5":"8d3f736b82546c343c0cf72b939a5c0f","sha256":"6651e28c7952675b9690104640048380a458fe752979a5ef45cbe0b99919d06d","size":250,"url":"http://download.gfe.nvidia.com/GFE/profiles/DRS/r451_65/28845482/update.bin.gz","version":"28845482"}
1008-23:55:11.166 30D8 Metadata parsed.
1008-23:55:11.166 30D8 Both old and new metadata have the same version 28845482
1008-23:55:11.166 30D8 Waiting for next check or notification for 1440 minutes...
1008-23:55:12.689 3A54 Entering NvProfileUpdaterPlugin_Stop
1008-23:55:12.689 3A54 Unregistering device notification.
1008-23:55:12.689 3A54 Stopping working thread...
1008-23:55:12.689 30D8 Exiting WorkingThread
1008-23:55:12.689 3A54 Exiting NvProfileUpdaterPlugin_Stop
