1013-15:32:59.544 2DEC Starting logging.
1013-15:32:59.544 2DEC Initialization complete.
1013-15:32:59.546 2DEC Entering NvProfileUpdaterPlugin_Start
1013-15:32:59.546 2DEC Device notification registered.
1013-15:32:59.547 2DEC Exiting NvProfileUpdaterPlugin_Start
1013-15:32:59.547 2814 Waiting for global mutex... #0
1013-15:32:59.547 2814 Mutex is acquired.
1013-15:32:59.547 2814 Loading NvAPI to check if driver is working...
1013-15:32:59.547 2814 Driver version: 45167
1013-15:32:59.547 2814 Driver branch: r451_65
1013-15:32:59.547 2814 First run was already done, skipping first run activities.
1013-15:32:59.547 2814 Performing startup update check
1013-15:32:59.547 2814 Waiting for global mutex... #0
1013-15:32:59.547 2814 Mutex is acquired.
1013-15:32:59.547 2814 Loading NvAPI...
1013-15:32:59.548 2814 Driver version: 45167
1013-15:32:59.548 2814 Driver branch: r451_65
1013-15:32:59.548 2814 GFE is installed: 0
1013-15:32:59.603 2814 GPU [256] flag NVSupportOptimus was not found.
1013-15:32:59.609 2814 GPU [256] flag NvSupportMSHybrid: 1
1013-15:32:59.610 2814 GPU [256] coproc status: 1
1013-15:32:59.617 2814 GPU [256] flag NVSupportDisplayUpdate: 1
1013-15:32:59.617 2814 OptimusSystem: 1
1013-15:32:59.617 2814 NVSupportDisplayUpdate: 1
1013-15:32:59.617 2814 Checking for OPTIMUS updates
1013-15:32:59.620 2814 Going to apply Optimus update C:\ProgramData\NVIDIA Corporation\NvProfileUpdaterPlugin\optimus\update.dat
1013-15:33:00.196 2814 NvUpdateWhiteList finished
1013-15:33:00.240 2814 Going to use URL: https://services.gfe.nvidia.com/GFE/v1.0/profiles/Optimus?{"branch":"r451_65"}
1013-15:33:00.847 2814 HTTP response code: 200
1013-15:33:00.847 2814 Downloaded metadata: {"md5":"890a0f366bf62aa974b6867bbf5c9dee","sha256":"3afcdf997e760d399e1690fa077bd015f0416268d5e2daba6db379a1b873cf33","size":907838,"url":"http://download.gfe.nvidia.com/GFE/profiles/Optimus/Version2/31831295/nvcoproc.bin.gz","version":"31831295"}
1013-15:33:00.847 2814 Metadata parsed.
1013-15:33:00.847 2814 Both old and new metadata have the same version 31831295
1013-15:33:00.847 2814 Checking for DRS updates
1013-15:33:00.850 2814 Going to merge DRS update C:\ProgramData\NVIDIA Corporation\NvProfileUpdaterPlugin\drs\update.dat
1013-15:33:00.851 2814 "C:\Windows\System32\DriverStore\FileRepository\nvacegpu.inf_amd64_efe127e721dd1bb8\dbInstaller.exe" -update C:\ProgramData\NVIDIA Corporation\NvProfileUpdaterPlugin\drs\update.dat
1013-15:33:01.078 2814 dbInstaller finished with code 1
1013-15:33:01.078 2814 Going to use URL: https://services.gfe.nvidia.com/GFE/v1.0/profiles/DRS?{"branch":"r451_65"}
1013-15:33:01.628 2814 HTTP response code: 200
1013-15:33:01.628 2814 Downloaded metadata: {"md5":"8d3f736b82546c343c0cf72b939a5c0f","sha256":"6651e28c7952675b9690104640048380a458fe752979a5ef45cbe0b99919d06d","size":250,"url":"http://download.gfe.nvidia.com/GFE/profiles/DRS/r451_65/28845482/update.bin.gz","version":"28845482"}
1013-15:33:01.628 2814 Metadata parsed.
1013-15:33:01.628 2814 Both old and new metadata have the same version 28845482
1013-15:33:01.628 2814 Waiting for next check or notification for 1440 minutes...
1013-15:33:12.046 2DEC Entering NvProfileUpdaterPlugin_Stop
1013-15:33:12.046 2DEC Unregistering device notification.
1013-15:33:12.046 2DEC Stopping working thread...
1013-15:33:12.046 2814 Exiting WorkingThread
1013-15:33:12.047 2DEC Exiting NvProfileUpdaterPlugin_Stop
