1016-15:14:03.674 09A8 Starting logging.
1016-15:14:03.674 09A8 Initialization complete.
1016-15:14:03.677 09A8 Entering NvProfileUpdaterPlugin_Start
1016-15:14:03.677 09A8 Device notification registered.
1016-15:14:03.677 09A8 Exiting NvProfileUpdaterPlugin_Start
1016-15:14:03.677 1DC8 Waiting for global mutex... #0
1016-15:14:03.677 1DC8 Mutex is acquired.
1016-15:14:03.677 1DC8 Loading NvAPI to check if driver is working...
1016-15:14:03.678 1DC8 Driver version: 45167
1016-15:14:03.678 1DC8 Driver branch: r451_65
1016-15:14:03.678 1DC8 First run was already done, skipping first run activities.
1016-15:14:03.678 1DC8 Performing startup update check
1016-15:14:03.678 1DC8 Waiting for global mutex... #0
1016-15:14:03.678 1DC8 Mutex is acquired.
1016-15:14:03.678 1DC8 Loading NvAPI...
1016-15:14:03.678 1DC8 Driver version: 45167
1016-15:14:03.678 1DC8 Driver branch: r451_65
1016-15:14:03.678 1DC8 GFE is installed: 0
1016-15:14:03.735 1DC8 GPU [256] flag NVSupportOptimus was not found.
1016-15:14:03.741 1DC8 GPU [256] flag NvSupportMSHybrid: 1
1016-15:14:03.876 1DC8 GPU [256] coproc status: 1
1016-15:14:03.882 1DC8 GPU [256] flag NVSupportDisplayUpdate: 1
1016-15:14:03.882 1DC8 OptimusSystem: 1
1016-15:14:03.882 1DC8 NVSupportDisplayUpdate: 1
1016-15:14:03.882 1DC8 Checking for OPTIMUS updates
1016-15:14:03.886 1DC8 Going to apply Optimus update C:\ProgramData\NVIDIA Corporation\NvProfileUpdaterPlugin\optimus\update.dat
1016-15:14:04.417 1DC8 NvUpdateWhiteList finished
1016-15:14:04.461 1DC8 Going to use URL: https://services.gfe.nvidia.com/GFE/v1.0/profiles/Optimus?{"branch":"r451_65"}
1016-15:14:05.189 1DC8 HTTP response code: 200
1016-15:14:05.189 1DC8 Downloaded metadata: {"md5":"cd49be58d95a60600954e87cc3ea6821","sha256":"e478c9699129548cc93647fb898802faf772c6b1e8e9ed1db06d1c12a2c18da6","size":908303,"url":"http://download.gfe.nvidia.com/GFE/profiles/Optimus/Version2/31929862/nvcoproc.bin.gz","version":"31929862"}
1016-15:14:05.189 1DC8 Metadata parsed.
1016-15:14:05.189 1DC8 Both old and new metadata have the same version 31929862
1016-15:14:05.189 1DC8 Checking for DRS updates
1016-15:14:05.193 1DC8 Going to merge DRS update C:\ProgramData\NVIDIA Corporation\NvProfileUpdaterPlugin\drs\update.dat
1016-15:14:05.193 1DC8 "C:\Windows\System32\DriverStore\FileRepository\nvacegpu.inf_amd64_efe127e721dd1bb8\dbInstaller.exe" -update C:\ProgramData\NVIDIA Corporation\NvProfileUpdaterPlugin\drs\update.dat
1016-15:14:05.446 1DC8 dbInstaller finished with code 1
1016-15:14:05.446 1DC8 Going to use URL: https://services.gfe.nvidia.com/GFE/v1.0/profiles/DRS?{"branch":"r451_65"}
1016-15:14:06.254 1DC8 HTTP response code: 200
1016-15:14:06.254 1DC8 Downloaded metadata: {"md5":"8d3f736b82546c343c0cf72b939a5c0f","sha256":"6651e28c7952675b9690104640048380a458fe752979a5ef45cbe0b99919d06d","size":250,"url":"http://download.gfe.nvidia.com/GFE/profiles/DRS/r451_65/28845482/update.bin.gz","version":"28845482"}
1016-15:14:06.254 1DC8 Metadata parsed.
1016-15:14:06.254 1DC8 Both old and new metadata have the same version 28845482
1016-15:14:06.254 1DC8 Waiting for next check or notification for 1440 minutes...
1016-15:14:07.525 09A8 Entering NvProfileUpdaterPlugin_Stop
1016-15:14:07.525 09A8 Unregistering device notification.
1016-15:14:07.525 09A8 Stopping working thread...
1016-15:14:07.525 1DC8 Exiting WorkingThread
1016-15:14:07.525 09A8 Exiting NvProfileUpdaterPlugin_Stop
