[21/09/22 15:30:34] info: Program: Starting Squirrel Updater: --checkForUpdate https://central.github.com/api/deployments/desktop/desktop/latest?version=3.0.8&env=production&guid=649f7b94-97a7-4b3d-9c2e-5a708b150087
[21/09/22 15:30:34] info: Program: Fetching update information, downloading from https://central.github.com/api/deployments/desktop/desktop/latest?version=3.0.8&env=production&guid=649f7b94-97a7-4b3d-9c2e-5a708b150087
[21/09/22 15:30:34] info: CheckForUpdateImpl: Generated new staging user ID: 785ddb34-faa2-57a2-a921-b551631cb046
[21/09/22 15:30:34] info: CheckForUpdateImpl: Downloading RELEASES file from https://central.github.com/api/deployments/desktop/desktop/latest?version=3.0.8&env=production&guid=649f7b94-97a7-4b3d-9c2e-5a708b150087
[21/09/22 15:30:34] info: FileDownloader: Downloading url: https://central.github.com/api/deployments/desktop/desktop/latest/RELEASES?version=3.0.8&env=production&guid=649f7b94-97a7-4b3d-9c2e-5a708b150087&id=GitHubDesktop&localVersion=3.0.8&arch=amd64
[21/09/22 15:30:35] info: Program: Finished Squirrel Updater
[12/10/22 14:44:38] info: Program: Starting Squirrel Updater: --checkForUpdate https://central.github.com/api/deployments/desktop/desktop/latest?version=3.0.8&env=production&guid=649f7b94-97a7-4b3d-9c2e-5a708b150087
[12/10/22 14:44:38] info: Program: Fetching update information, downloading from https://central.github.com/api/deployments/desktop/desktop/latest?version=3.0.8&env=production&guid=649f7b94-97a7-4b3d-9c2e-5a708b150087
[12/10/22 14:44:38] info: CheckForUpdateImpl: Using existing staging user ID: 785ddb34-faa2-57a2-a921-b551631cb046
[12/10/22 14:44:39] info: CheckForUpdateImpl: Downloading RELEASES file from https://central.github.com/api/deployments/desktop/desktop/latest?version=3.0.8&env=production&guid=649f7b94-97a7-4b3d-9c2e-5a708b150087
[12/10/22 14:44:39] info: FileDownloader: Downloading url: https://central.github.com/api/deployments/desktop/desktop/latest/RELEASES?version=3.0.8&env=production&guid=649f7b94-97a7-4b3d-9c2e-5a708b150087&id=GitHubDesktop&localVersion=3.0.8&arch=amd64
[12/10/22 14:44:39] warn: UpdateInfo: Couldn't get release notes for:GitHubDesktop-3.1.0-delta.nupkg: System.IO.FileNotFoundException: Could not find file 'C:\Users\acer\AppData\Local\GitHubDesktop\packages\GitHubDesktop-3.1.0-delta.nupkg'.
File name: 'C:\Users\acer\AppData\Local\GitHubDesktop\packages\GitHubDesktop-3.1.0-delta.nupkg'
   at System.IO.__Error.WinIOError(Int32 errorCode, String maybeFullPath)
   at System.IO.FileStream.Init(String path, FileMode mode, FileAccess access, Int32 rights, Boolean useRights, FileShare share, Int32 bufferSize, FileOptions options, SECURITY_ATTRIBUTES secAttrs, String msgPath, Boolean bFromProxy, Boolean useLongPath, Boolean checkHost)
   at System.IO.FileStream..ctor(String path, FileMode mode, FileAccess access, FileShare share)
   at NuGet.ZipPackage.<>c__DisplayClass9_0.<.ctor>b__0()
   at NuGet.ZipPackage.EnsureManifest()
   at Squirrel.ReleaseEntry.GetReleaseNotes(String packageDirectory)
   at Squirrel.UpdateInfo.<FetchReleaseNotes>b__19_0(ReleaseEntry x)
[12/10/22 14:44:39] warn: UpdateInfo: Couldn't get release notes for:GitHubDesktop-3.1.1-delta.nupkg: System.IO.FileNotFoundException: Could not find file 'C:\Users\acer\AppData\Local\GitHubDesktop\packages\GitHubDesktop-3.1.1-delta.nupkg'.
File name: 'C:\Users\acer\AppData\Local\GitHubDesktop\packages\GitHubDesktop-3.1.1-delta.nupkg'
   at System.IO.__Error.WinIOError(Int32 errorCode, String maybeFullPath)
   at System.IO.FileStream.Init(String path, FileMode mode, FileAccess access, Int32 rights, Boolean useRights, FileShare share, Int32 bufferSize, FileOptions options, SECURITY_ATTRIBUTES secAttrs, String msgPath, Boolean bFromProxy, Boolean useLongPath, Boolean checkHost)
   at System.IO.FileStream..ctor(String path, FileMode mode, FileAccess access, FileShare share)
   at NuGet.ZipPackage.<>c__DisplayClass9_0.<.ctor>b__0()
   at NuGet.ZipPackage.EnsureManifest()
   at Squirrel.ReleaseEntry.GetReleaseNotes(String packageDirectory)
   at Squirrel.UpdateInfo.<FetchReleaseNotes>b__19_0(ReleaseEntry x)
[12/10/22 14:44:39] info: Program: Finished Squirrel Updater
[12/10/22 14:47:01] info: Program: Starting Squirrel Updater: --checkForUpdate https://central.github.com/api/deployments/desktop/desktop/latest?version=3.1.1&env=production&guid=649f7b94-97a7-4b3d-9c2e-5a708b150087
[12/10/22 14:47:01] info: Program: Fetching update information, downloading from https://central.github.com/api/deployments/desktop/desktop/latest?version=3.1.1&env=production&guid=649f7b94-97a7-4b3d-9c2e-5a708b150087
[12/10/22 14:47:01] info: CheckForUpdateImpl: Using existing staging user ID: 785ddb34-faa2-57a2-a921-b551631cb046
[12/10/22 14:47:02] info: CheckForUpdateImpl: Downloading RELEASES file from https://central.github.com/api/deployments/desktop/desktop/latest?version=3.1.1&env=production&guid=649f7b94-97a7-4b3d-9c2e-5a708b150087
[12/10/22 14:47:02] info: FileDownloader: Downloading url: https://central.github.com/api/deployments/desktop/desktop/latest/RELEASES?version=3.1.1&env=production&guid=649f7b94-97a7-4b3d-9c2e-5a708b150087&id=GitHubDesktop&localVersion=3.1.1&arch=amd64
[12/10/22 14:47:02] info: Program: Finished Squirrel Updater
